{"meta": {"format": 3, "version": "7.10.6", "timestamp": "2026-02-02T10:21:24.868863", "branch_coverage": false, "show_contexts": false}, "files": {"/Users/lucasralph/Dev/LJR_dev/UMN/hazelbean_dev/hazelbean/__init__.py": {"executed_lines": [1, 2, 4, 7, 12, 13, 14, 16, 17, 18, 19, 20, 25, 26, 27, 28, 38, 44, 45, 47, 48, 50, 51, 54, 56, 60, 61, 62, 65, 66, 67, 71, 72, 73, 76, 77, 78, 81, 82, 83, 86, 87, 88, 93, 94, 95, 98, 99, 100, 103, 104, 105, 108, 109, 110, 113, 114, 115, 119, 120, 121, 124, 125, 126, 129, 130, 131, 134, 135, 136, 139, 140, 141, 144, 146, 147, 148, 157, 158, 161, 162, 165, 166, 167, 169, 170, 171, 174, 175, 176, 178, 179, 180, 182, 183, 184, 186, 187, 188, 190, 191, 192, 194, 195, 196, 198, 199, 200, 202, 203, 204, 206, 207, 208, 210, 211, 212, 214, 215, 216, 218, 219, 220, 223, 247, 248, 249, 250, 253, 254, 255, 258, 259, 260, 267, 296, 297, 298, 299, 304], "summary": {"covered_lines": 140, "num_statements": 222, "percent_covered": 63.06306306306306, "percent_covered_display": "63", "missing_lines": 82, "excluded_lines": 0}, "missing_lines": [29, 30, 31, 32, 34, 35, 36, 57, 63, 68, 74, 79, 84, 89, 96, 101, 106, 111, 116, 122, 127, 132, 137, 142, 149, 159, 163, 168, 172, 177, 181, 185, 189, 193, 197, 201, 205, 209, 213, 217, 221, 224, 225, 226, 227, 230, 231, 232, 233, 236, 237, 238, 239, 241, 242, 243, 244, 251, 256, 261, 263, 264, 268, 270, 271, 273, 274, 276, 277, 280, 283, 284, 286, 287, 289, 290, 292, 293, 300, 301, 302, 305], "excluded_lines": [], "functions": {"": {"executed_lines": [1, 2, 4, 7, 12, 13, 14, 16, 17, 18, 19, 20, 25, 26, 27, 28, 38, 44, 45, 47, 48, 50, 51, 54, 56, 60, 61, 62, 65, 66, 67, 71, 72, 73, 76, 77, 78, 81, 82, 83, 86, 87, 88, 93, 94, 95, 98, 99, 100, 103, 104, 105, 108, 109, 110, 113, 114, 115, 119, 120, 121, 124, 125, 126, 129, 130, 131, 134, 135, 136, 139, 140, 141, 144, 146, 147, 148, 157, 158, 161, 162, 165, 166, 167, 169, 170, 171, 174, 175, 176, 178, 179, 180, 182, 183, 184, 186, 187, 188, 190, 191, 192, 194, 195, 196, 198, 199, 200, 202, 203, 204, 206, 207, 208, 210, 211, 212, 214, 215, 216, 218, 219, 220, 223, 247, 248, 249, 250, 253, 254, 255, 258, 259, 260, 267, 296, 297, 298, 299, 304], "summary": {"covered_lines": 140, "num_statements": 222, "percent_covered": 63.06306306306306, "percent_covered_display": "63", "missing_lines": 82, "excluded_lines": 0}, "missing_lines": [29, 30, 31, 32, 34, 35, 36, 57, 63, 68, 74, 79, 84, 89, 96, 101, 106, 111, 116, 122, 127, 132, 137, 142, 149, 159, 163, 168, 172, 177, 181, 185, 189, 193, 197, 201, 205, 209, 213, 217, 221, 224, 225, 226, 227, 230, 231, 232, 233, 236, 237, 238, 239, 241, 242, 243, 244, 251, 256, 261, 263, 264, 268, 270, 271, 273, 274, 276, 277, 280, 283, 284, 286, 287, 289, 290, 292, 293, 300, 301, 302, 305], "excluded_lines": []}}, "classes": {"": {"executed_lines": [1, 2, 4, 7, 12, 13, 14, 16, 17, 18, 19, 20, 25, 26, 27, 28, 38, 44, 45, 47, 48, 50, 51, 54, 56, 60, 61, 62, 65, 66, 67, 71, 72, 73, 76, 77, 78, 81, 82, 83, 86, 87, 88, 93, 94, 95, 98, 99, 100, 103, 104, 105, 108, 109, 110, 113, 114, 115, 119, 120, 121, 124, 125, 126, 129, 130, 131, 134, 135, 136, 139, 140, 141, 144, 146, 147, 148, 157, 158, 161, 162, 165, 166, 167, 169, 170, 171, 174, 175, 176, 178, 179, 180, 182, 183, 184, 186, 187, 188, 190, 191, 192, 194, 195, 196, 198, 199, 200, 202, 203, 204, 206, 207, 208, 210, 211, 212, 214, 215, 216, 218, 219, 220, 223, 247, 248, 249, 250, 253, 254, 255, 258, 259, 260, 267, 296, 297, 298, 299, 304], "summary": {"covered_lines": 140, "num_statements": 222, "percent_covered": 63.06306306306306, "percent_covered_display": "63", "missing_lines": 82, "excluded_lines": 0}, "missing_lines": [29, 30, 31, 32, 34, 35, 36, 57, 63, 68, 74, 79, 84, 89, 96, 101, 106, 111, 116, 122, 127, 132, 137, 142, 149, 159, 163, 168, 172, 177, 181, 185, 189, 193, 197, 201, 205, 209, 213, 217, 221, 224, 225, 226, 227, 230, 231, 232, 233, 236, 237, 238, 239, 241, 242, 243, 244, 251, 256, 261, 263, 264, 268, 270, 271, 273, 274, 276, 277, 280, 283, 284, 286, 287, 289, 290, 292, 293, 300, 301, 302, 305], "excluded_lines": []}}}, "/Users/lucasralph/Dev/LJR_dev/UMN/hazelbean_dev/hazelbean/arrayframe.py": {"executed_lines": [1, 2, 5, 6, 7, 9, 12, 14, 15, 16, 17, 18, 23, 25, 27, 43, 45, 46, 47, 48, 49, 50, 51, 52, 54, 55, 56, 57, 58, 59, 60, 61, 62, 68, 69, 70, 71, 72, 73, 74, 75, 76, 77, 81, 83, 86, 87, 89, 92, 95, 98, 99, 101, 104, 105, 106, 107, 110, 111, 112, 114, 115, 116, 118, 119, 120, 122, 123, 124, 126, 129, 138, 146, 150, 155, 158, 163, 168, 169, 174, 175, 178, 189, 196, 212, 213, 218, 219, 222, 233, 241, 242, 247, 248, 251, 257, 258, 263, 264, 267, 278, 286, 287, 292, 293, 296, 303, 315, 318, 324, 328, 331, 338, 344, 350, 356, 363, 364, 369, 375, 385], "summary": {"covered_lines": 120, "num_statements": 277, "percent_covered": 43.32129963898917, "percent_covered_display": "43", "missing_lines": 157, "excluded_lines": 0}, "missing_lines": [19, 20, 22, 29, 30, 31, 32, 33, 34, 35, 36, 37, 38, 63, 90, 93, 96, 127, 130, 140, 141, 142, 143, 147, 148, 151, 152, 153, 156, 159, 160, 161, 164, 165, 166, 170, 171, 172, 176, 179, 180, 181, 182, 183, 184, 186, 187, 190, 191, 192, 194, 199, 200, 201, 202, 203, 204, 206, 207, 208, 209, 210, 214, 215, 216, 220, 225, 226, 227, 228, 229, 230, 231, 235, 236, 237, 238, 243, 244, 245, 249, 252, 253, 254, 255, 259, 260, 261, 265, 269, 270, 271, 272, 273, 274, 275, 279, 280, 281, 282, 283, 288, 289, 290, 294, 297, 298, 299, 300, 301, 305, 306, 307, 308, 310, 312, 313, 316, 319, 320, 321, 322, 325, 326, 329, 333, 334, 335, 339, 340, 341, 342, 345, 346, 347, 348, 351, 352, 353, 354, 357, 358, 359, 360, 365, 366, 370, 371, 372, 373, 376, 377, 378, 379, 381, 382, 386], "excluded_lines": [], "functions": {"ArrayFrame.__init__": {"executed_lines": [16, 17, 18, 23, 25, 27, 43, 45, 46, 47, 48, 49, 50, 51, 52, 54, 55, 56, 57, 58, 59, 60, 61, 62, 68, 69, 70, 71, 72, 73, 74, 75, 76, 77, 81, 83, 86, 87, 89, 92, 95, 98, 99, 101, 104, 105, 106, 107, 110, 111, 112, 114, 115, 116, 118, 119, 120, 122, 123, 124, 126, 129], "summary": {"covered_lines": 62, "num_statements": 81, "percent_covered": 76.54320987654322, "percent_covered_display": "77", "missing_lines": 19, "excluded_lines": 0}, "missing_lines": [19, 20, 22, 29, 30, 31, 32, 33, 34, 35, 36, 37, 38, 63, 90, 93, 96, 127, 130], "excluded_lines": []}, "ArrayFrame.reload_ds_and_band": {"executed_lines": [], "summary": {"covered_lines": 0, "num_statements": 4, "percent_covered": 0.0, "percent_covered_display": "0", "missing_lines": 4, "excluded_lines": 0}, "missing_lines": [140, 141, 142, 143], "excluded_lines": []}, "ArrayFrame.set_geotransform_to_global_wgs84_from_num_cols": {"executed_lines": [], "summary": {"covered_lines": 0, "num_statements": 2, "percent_covered": 0.0, "percent_covered_display": "0", "missing_lines": 2, "excluded_lines": 0}, "missing_lines": [147, 148], "excluded_lines": []}, "ArrayFrame.set_geotransform": {"executed_lines": [], "summary": {"covered_lines": 0, "num_statements": 3, "percent_covered": 0.0, "percent_covered_display": "0", "missing_lines": 3, "excluded_lines": 0}, "missing_lines": [151, 152, 153], "excluded_lines": []}, "ArrayFrame.set_projection_to_wgs84": {"executed_lines": [], "summary": {"covered_lines": 0, "num_statements": 1, "percent_covered": 0.0, "percent_covered_display": "0", "missing_lines": 1, "excluded_lines": 0}, "missing_lines": [156], "excluded_lines": []}, "ArrayFrame.set_projection": {"executed_lines": [], "summary": {"covered_lines": 0, "num_statements": 3, "percent_covered": 0.0, "percent_covered_display": "0", "missing_lines": 3, "excluded_lines": 0}, "missing_lines": [159, 160, 161], "excluded_lines": []}, "ArrayFrame.set_ndv_without_data_rewrite": {"executed_lines": [], "summary": {"covered_lines": 0, "num_statements": 3, "percent_covered": 0.0, "percent_covered_display": "0", "missing_lines": 3, "excluded_lines": 0}, "missing_lines": [164, 165, 166], "excluded_lines": []}, "ArrayFrame.data": {"executed_lines": [], "summary": {"covered_lines": 0, "num_statements": 1, "percent_covered": 0.0, "percent_covered_display": "0", "missing_lines": 1, "excluded_lines": 0}, "missing_lines": [176], "excluded_lines": []}, "ArrayFrame.load_data": {"executed_lines": [], "summary": {"covered_lines": 0, "num_statements": 8, "percent_covered": 0.0, "percent_covered_display": "0", "missing_lines": 8, "excluded_lines": 0}, "missing_lines": [179, 180, 181, 182, 183, 184, 186, 187], "excluded_lines": []}, "ArrayFrame.load_array_as_data": {"executed_lines": [], "summary": {"covered_lines": 0, "num_statements": 4, "percent_covered": 0.0, "percent_covered_display": "0", "missing_lines": 4, "excluded_lines": 0}, "missing_lines": [190, 191, 192, 194], "excluded_lines": []}, "ArrayFrame.set_attributes_from_data": {"executed_lines": [], "summary": {"covered_lines": 0, "num_statements": 11, "percent_covered": 0.0, "percent_covered_display": "0", "missing_lines": 11, "excluded_lines": 0}, "missing_lines": [199, 200, 201, 202, 203, 204, 206, 207, 208, 209, 210], "excluded_lines": []}, "ArrayFrame.valid_mask": {"executed_lines": [], "summary": {"covered_lines": 0, "num_statements": 1, "percent_covered": 0.0, "percent_covered_display": "0", "missing_lines": 1, "excluded_lines": 0}, "missing_lines": [220], "excluded_lines": []}, "ArrayFrame.set_valid_and_ndv_masks": {"executed_lines": [], "summary": {"covered_lines": 0, "num_statements": 7, "percent_covered": 0.0, "percent_covered_display": "0", "missing_lines": 7, "excluded_lines": 0}, "missing_lines": [225, 226, 227, 228, 229, 230, 231], "excluded_lines": []}, "ArrayFrame.set_valid_mask": {"executed_lines": [], "summary": {"covered_lines": 0, "num_statements": 4, "percent_covered": 0.0, "percent_covered_display": "0", "missing_lines": 4, "excluded_lines": 0}, "missing_lines": [235, 236, 237, 238], "excluded_lines": []}, "ArrayFrame.ndv_mask": {"executed_lines": [], "summary": {"covered_lines": 0, "num_statements": 1, "percent_covered": 0.0, "percent_covered_display": "0", "missing_lines": 1, "excluded_lines": 0}, "missing_lines": [249], "excluded_lines": []}, "ArrayFrame.set_ndv_mask": {"executed_lines": [], "summary": {"covered_lines": 0, "num_statements": 4, "percent_covered": 0.0, "percent_covered_display": "0", "missing_lines": 4, "excluded_lines": 0}, "missing_lines": [252, 253, 254, 255], "excluded_lines": []}, "ArrayFrame.zero_mask": {"executed_lines": [], "summary": {"covered_lines": 0, "num_statements": 1, "percent_covered": 0.0, "percent_covered_display": "0", "missing_lines": 1, "excluded_lines": 0}, "missing_lines": [265], "excluded_lines": []}, "ArrayFrame.set_zero_and_nonzero_masks": {"executed_lines": [], "summary": {"covered_lines": 0, "num_statements": 7, "percent_covered": 0.0, "percent_covered_display": "0", "missing_lines": 7, "excluded_lines": 0}, "missing_lines": [269, 270, 271, 272, 273, 274, 275], "excluded_lines": []}, "ArrayFrame.set_zero_mask": {"executed_lines": [], "summary": {"covered_lines": 0, "num_statements": 5, "percent_covered": 0.0, "percent_covered_display": "0", "missing_lines": 5, "excluded_lines": 0}, "missing_lines": [279, 280, 281, 282, 283], "excluded_lines": []}, "ArrayFrame.nonzero_mask": {"executed_lines": [], "summary": {"covered_lines": 0, "num_statements": 1, "percent_covered": 0.0, "percent_covered_display": "0", "missing_lines": 1, "excluded_lines": 0}, "missing_lines": [294], "excluded_lines": []}, "ArrayFrame.set_nonzero_mask": {"executed_lines": [], "summary": {"covered_lines": 0, "num_statements": 5, "percent_covered": 0.0, "percent_covered_display": "0", "missing_lines": 5, "excluded_lines": 0}, "missing_lines": [297, 298, 299, 300, 301], "excluded_lines": []}, "ArrayFrame.save": {"executed_lines": [], "summary": {"covered_lines": 0, "num_statements": 7, "percent_covered": 0.0, "percent_covered_display": "0", "missing_lines": 7, "excluded_lines": 0}, "missing_lines": [305, 306, 307, 308, 310, 312, 313], "excluded_lines": []}, "ArrayFrame.__str__": {"executed_lines": [], "summary": {"covered_lines": 0, "num_statements": 1, "percent_covered": 0.0, "percent_covered_display": "0", "missing_lines": 1, "excluded_lines": 0}, "missing_lines": [316], "excluded_lines": []}, "ArrayFrame.load_all": {"executed_lines": [], "summary": {"covered_lines": 0, "num_statements": 4, "percent_covered": 0.0, "percent_covered_display": "0", "missing_lines": 4, "excluded_lines": 0}, "missing_lines": [319, 320, 321, 322], "excluded_lines": []}, "ArrayFrame.set_stats": {"executed_lines": [], "summary": {"covered_lines": 0, "num_statements": 2, "percent_covered": 0.0, "percent_covered_display": "0", "missing_lines": 2, "excluded_lines": 0}, "missing_lines": [325, 326], "excluded_lines": []}, "ArrayFrame.sum": {"executed_lines": [], "summary": {"covered_lines": 0, "num_statements": 1, "percent_covered": 0.0, "percent_covered_display": "0", "missing_lines": 1, "excluded_lines": 0}, "missing_lines": [329], "excluded_lines": []}, "ArrayFrame.close_data": {"executed_lines": [], "summary": {"covered_lines": 0, "num_statements": 3, "percent_covered": 0.0, "percent_covered_display": "0", "missing_lines": 3, "excluded_lines": 0}, "missing_lines": [333, 334, 335], "excluded_lines": []}, "ArrayFrame.__add__": {"executed_lines": [], "summary": {"covered_lines": 0, "num_statements": 3, "percent_covered": 0.0, "percent_covered_display": "0", "missing_lines": 3, "excluded_lines": 0}, "missing_lines": [339, 341, 342], "excluded_lines": []}, "ArrayFrame.__add__.op": {"executed_lines": [], "summary": {"covered_lines": 0, "num_statements": 1, "percent_covered": 0.0, "percent_covered_display": "0", "missing_lines": 1, "excluded_lines": 0}, "missing_lines": [340], "excluded_lines": []}, "ArrayFrame.__sub__": {"executed_lines": [], "summary": {"covered_lines": 0, "num_statements": 3, "percent_covered": 0.0, "percent_covered_display": "0", "missing_lines": 3, "excluded_lines": 0}, "missing_lines": [345, 347, 348], "excluded_lines": []}, "ArrayFrame.__sub__.op": {"executed_lines": [], "summary": {"covered_lines": 0, "num_statements": 1, "percent_covered": 0.0, "percent_covered_display": "0", "missing_lines": 1, "excluded_lines": 0}, "missing_lines": [346], "excluded_lines": []}, "ArrayFrame.__mul__": {"executed_lines": [], "summary": {"covered_lines": 0, "num_statements": 3, "percent_covered": 0.0, "percent_covered_display": "0", "missing_lines": 3, "excluded_lines": 0}, "missing_lines": [351, 353, 354], "excluded_lines": []}, "ArrayFrame.__mul__.op": {"executed_lines": [], "summary": {"covered_lines": 0, "num_statements": 1, "percent_covered": 0.0, "percent_covered_display": "0", "missing_lines": 1, "excluded_lines": 0}, "missing_lines": [352], "excluded_lines": []}, "ArrayFrame.__truediv__": {"executed_lines": [], "summary": {"covered_lines": 0, "num_statements": 3, "percent_covered": 0.0, "percent_covered_display": "0", "missing_lines": 3, "excluded_lines": 0}, "missing_lines": [357, 359, 360], "excluded_lines": []}, "ArrayFrame.__truediv__.op": {"executed_lines": [], "summary": {"covered_lines": 0, "num_statements": 1, "percent_covered": 0.0, "percent_covered_display": "0", "missing_lines": 1, "excluded_lines": 0}, "missing_lines": [358], "excluded_lines": []}, "GlobalPyramidFrame.__init__": {"executed_lines": [], "summary": {"covered_lines": 0, "num_statements": 2, "percent_covered": 0.0, "percent_covered_display": "0", "missing_lines": 2, "excluded_lines": 0}, "missing_lines": [365, 366], "excluded_lines": []}, "create_af_from_array": {"executed_lines": [], "summary": {"covered_lines": 0, "num_statements": 4, "percent_covered": 0.0, "percent_covered_display": "0", "missing_lines": 4, "excluded_lines": 0}, "missing_lines": [370, 371, 372, 373], "excluded_lines": []}, "input_flex_as_af": {"executed_lines": [], "summary": {"covered_lines": 0, "num_statements": 6, "percent_covered": 0.0, "percent_covered_display": "0", "missing_lines": 6, "excluded_lines": 0}, "missing_lines": [376, 377, 378, 379, 381, 382], "excluded_lines": []}, "": {"executed_lines": [1, 2, 5, 6, 7, 9, 12, 14, 15, 138, 146, 150, 155, 158, 163, 168, 169, 174, 175, 178, 189, 196, 212, 213, 218, 219, 222, 233, 241, 242, 247, 248, 251, 257, 258, 263, 264, 267, 278, 286, 287, 292, 293, 296, 303, 315, 318, 324, 328, 331, 338, 344, 350, 356, 363, 364, 369, 375, 385], "summary": {"covered_lines": 58, "num_statements": 59, "percent_covered": 98.30508474576271, "percent_covered_display": "98", "missing_lines": 1, "excluded_lines": 0}, "missing_lines": [386], "excluded_lines": []}}, "classes": {"ArrayFrame": {"executed_lines": [16, 17, 18, 23, 25, 27, 43, 45, 46, 47, 48, 49, 50, 51, 52, 54, 55, 56, 57, 58, 59, 60, 61, 62, 68, 69, 70, 71, 72, 73, 74, 75, 76, 77, 81, 83, 86, 87, 89, 92, 95, 98, 99, 101, 104, 105, 106, 107, 110, 111, 112, 114, 115, 116, 118, 119, 120, 122, 123, 124, 126, 129], "summary": {"covered_lines": 62, "num_statements": 206, "percent_covered": 30.097087378640776, "percent_covered_display": "30", "missing_lines": 144, "excluded_lines": 0}, "missing_lines": [19, 20, 22, 29, 30, 31, 32, 33, 34, 35, 36, 37, 38, 63, 90, 93, 96, 127, 130, 140, 141, 142, 143, 147, 148, 151, 152, 153, 156, 159, 160, 161, 164, 165, 166, 170, 171, 172, 176, 179, 180, 181, 182, 183, 184, 186, 187, 190, 191, 192, 194, 199, 200, 201, 202, 203, 204, 206, 207, 208, 209, 210, 214, 215, 216, 220, 225, 226, 227, 228, 229, 230, 231, 235, 236, 237, 238, 243, 244, 245, 249, 252, 253, 254, 255, 259, 260, 261, 265, 269, 270, 271, 272, 273, 274, 275, 279, 280, 281, 282, 283, 288, 289, 290, 294, 297, 298, 299, 300, 301, 305, 306, 307, 308, 310, 312, 313, 316, 319, 320, 321, 322, 325, 326, 329, 333, 334, 335, 339, 340, 341, 342, 345, 346, 347, 348, 351, 352, 353, 354, 357, 358, 359, 360], "excluded_lines": []}, "GlobalPyramidFrame": {"executed_lines": [], "summary": {"covered_lines": 0, "num_statements": 2, "percent_covered": 0.0, "percent_covered_display": "0", "missing_lines": 2, "excluded_lines": 0}, "missing_lines": [365, 366], "excluded_lines": []}, "": {"executed_lines": [1, 2, 5, 6, 7, 9, 12, 14, 15, 138, 146, 150, 155, 158, 163, 168, 169, 174, 175, 178, 189, 196, 212, 213, 218, 219, 222, 233, 241, 242, 247, 248, 251, 257, 258, 263, 264, 267, 278, 286, 287, 292, 293, 296, 303, 315, 318, 324, 328, 331, 338, 344, 350, 356, 363, 364, 369, 375, 385], "summary": {"covered_lines": 58, "num_statements": 69, "percent_covered": 84.05797101449275, "percent_covered_display": "84", "missing_lines": 11, "excluded_lines": 0}, "missing_lines": [370, 371, 372, 373, 376, 377, 378, 379, 381, 382, 386], "excluded_lines": []}}}, "/Users/lucasralph/Dev/LJR_dev/UMN/hazelbean_dev/hazelbean/arrayframe_functions.py": {"executed_lines": [1, 3, 4, 5, 7, 9, 12, 14, 17, 18, 19, 20, 22, 23, 26, 28, 29, 39, 40, 41, 42, 44, 47, 48, 49, 50, 52, 54, 55, 56, 60, 66, 67, 68, 71, 74, 75, 80, 83, 84, 87, 92, 95, 99, 100, 101, 102, 103, 105, 111, 119, 125, 131, 137, 143, 149, 157, 166, 173], "summary": {"covered_lines": 59, "num_statements": 118, "percent_covered": 50.0, "percent_covered_display": "50", "missing_lines": 59, "excluded_lines": 0}, "missing_lines": [13, 15, 27, 31, 43, 51, 61, 62, 64, 69, 76, 81, 88, 96, 97, 106, 107, 108, 109, 112, 113, 114, 115, 120, 121, 122, 123, 126, 127, 128, 129, 132, 133, 134, 135, 138, 139, 140, 141, 144, 145, 146, 147, 150, 151, 153, 154, 158, 159, 161, 162, 167, 168, 169, 171, 174, 175, 176, 178], "excluded_lines": [], "functions": {"raster_calculator_flex": {"executed_lines": [12, 14, 17, 18, 19, 20, 22, 23, 26, 28, 29, 39, 40, 41, 42, 44, 47, 48, 49, 50, 52, 54, 55, 56, 60, 66, 67, 68, 71, 74, 75, 80, 83, 84, 87, 92], "summary": {"covered_lines": 36, "num_statements": 49, "percent_covered": 73.46938775510205, "percent_covered_display": "73", "missing_lines": 13, "excluded_lines": 0}, "missing_lines": [13, 15, 27, 31, 43, 51, 61, 62, 64, 69, 76, 81, 88], "excluded_lines": []}, "apply_op": {"executed_lines": [], "summary": {"covered_lines": 0, "num_statements": 2, "percent_covered": 0.0, "percent_covered_display": "0", "missing_lines": 2, "excluded_lines": 0}, "missing_lines": [96, 97], "excluded_lines": []}, "add": {"executed_lines": [100, 102, 103], "summary": {"covered_lines": 3, "num_statements": 3, "percent_covered": 100.0, "percent_covered_display": "100", "missing_lines": 0, "excluded_lines": 0}, "missing_lines": [], "excluded_lines": []}, "add.op": {"executed_lines": [101], "summary": {"covered_lines": 1, "num_statements": 1, "percent_covered": 100.0, "percent_covered_display": "100", "missing_lines": 0, "excluded_lines": 0}, "missing_lines": [], "excluded_lines": []}, "add_with_valid_mask": {"executed_lines": [], "summary": {"covered_lines": 0, "num_statements": 3, "percent_covered": 0.0, "percent_covered_display": "0", "missing_lines": 3, "excluded_lines": 0}, "missing_lines": [106, 108, 109], "excluded_lines": []}, "add_with_valid_mask.op": {"executed_lines": [], "summary": {"covered_lines": 0, "num_statements": 1, "percent_covered": 0.0, "percent_covered_display": "0", "missing_lines": 1, "excluded_lines": 0}, "missing_lines": [107], "excluded_lines": []}, "add_smart": {"executed_lines": [], "summary": {"covered_lines": 0, "num_statements": 3, "percent_covered": 0.0, "percent_covered_display": "0", "missing_lines": 3, "excluded_lines": 0}, "missing_lines": [112, 114, 115], "excluded_lines": []}, "add_smart.op": {"executed_lines": [], "summary": {"covered_lines": 0, "num_statements": 1, "percent_covered": 0.0, "percent_covered_display": "0", "missing_lines": 1, "excluded_lines": 0}, "missing_lines": [113], "excluded_lines": []}, "subtract": {"executed_lines": [], "summary": {"covered_lines": 0, "num_statements": 3, "percent_covered": 0.0, "percent_covered_display": "0", "missing_lines": 3, "excluded_lines": 0}, "missing_lines": [120, 122, 123], "excluded_lines": []}, "subtract.op": {"executed_lines": [], "summary": {"covered_lines": 0, "num_statements": 1, "percent_covered": 0.0, "percent_covered_display": "0", "missing_lines": 1, "excluded_lines": 0}, "missing_lines": [121], "excluded_lines": []}, "multiply": {"executed_lines": [], "summary": {"covered_lines": 0, "num_statements": 3, "percent_covered": 0.0, "percent_covered_display": "0", "missing_lines": 3, "excluded_lines": 0}, "missing_lines": [126, 128, 129], "excluded_lines": []}, "multiply.op": {"executed_lines": [], "summary": {"covered_lines": 0, "num_statements": 1, "percent_covered": 0.0, "percent_covered_display": "0", "missing_lines": 1, "excluded_lines": 0}, "missing_lines": [127], "excluded_lines": []}, "divide": {"executed_lines": [], "summary": {"covered_lines": 0, "num_statements": 3, "percent_covered": 0.0, "percent_covered_display": "0", "missing_lines": 3, "excluded_lines": 0}, "missing_lines": [132, 134, 135], "excluded_lines": []}, "divide.op": {"executed_lines": [], "summary": {"covered_lines": 0, "num_statements": 1, "percent_covered": 0.0, "percent_covered_display": "0", "missing_lines": 1, "excluded_lines": 0}, "missing_lines": [133], "excluded_lines": []}, "greater_than": {"executed_lines": [], "summary": {"covered_lines": 0, "num_statements": 3, "percent_covered": 0.0, "percent_covered_display": "0", "missing_lines": 3, "excluded_lines": 0}, "missing_lines": [138, 140, 141], "excluded_lines": []}, "greater_than.op": {"executed_lines": [], "summary": {"covered_lines": 0, "num_statements": 1, "percent_covered": 0.0, "percent_covered_display": "0", "missing_lines": 1, "excluded_lines": 0}, "missing_lines": [139], "excluded_lines": []}, "a_greater_than_zero_b_equal_zero": {"executed_lines": [], "summary": {"covered_lines": 0, "num_statements": 3, "percent_covered": 0.0, "percent_covered_display": "0", "missing_lines": 3, "excluded_lines": 0}, "missing_lines": [144, 146, 147], "excluded_lines": []}, "a_greater_than_zero_b_equal_zero.op": {"executed_lines": [], "summary": {"covered_lines": 0, "num_statements": 1, "percent_covered": 0.0, "percent_covered_display": "0", "missing_lines": 1, "excluded_lines": 0}, "missing_lines": [145], "excluded_lines": []}, "proportion_change": {"executed_lines": [], "summary": {"covered_lines": 0, "num_statements": 3, "percent_covered": 0.0, "percent_covered_display": "0", "missing_lines": 3, "excluded_lines": 0}, "missing_lines": [150, 153, 154], "excluded_lines": []}, "proportion_change.op": {"executed_lines": [], "summary": {"covered_lines": 0, "num_statements": 1, "percent_covered": 0.0, "percent_covered_display": "0", "missing_lines": 1, "excluded_lines": 0}, "missing_lines": [151], "excluded_lines": []}, "af_where_lt_value_set_to": {"executed_lines": [], "summary": {"covered_lines": 0, "num_statements": 3, "percent_covered": 0.0, "percent_covered_display": "0", "missing_lines": 3, "excluded_lines": 0}, "missing_lines": [158, 161, 162], "excluded_lines": []}, "af_where_lt_value_set_to.op": {"executed_lines": [], "summary": {"covered_lines": 0, "num_statements": 1, "percent_covered": 0.0, "percent_covered_display": "0", "missing_lines": 1, "excluded_lines": 0}, "missing_lines": [159], "excluded_lines": []}, "tiled_sum": {"executed_lines": [], "summary": {"covered_lines": 0, "num_statements": 4, "percent_covered": 0.0, "percent_covered_display": "0", "missing_lines": 4, "excluded_lines": 0}, "missing_lines": [167, 168, 169, 171], "excluded_lines": []}, "tiled_num_nonzero": {"executed_lines": [], "summary": {"covered_lines": 0, "num_statements": 4, "percent_covered": 0.0, "percent_covered_display": "0", "missing_lines": 4, "excluded_lines": 0}, "missing_lines": [174, 175, 176, 178], "excluded_lines": []}, "": {"executed_lines": [1, 3, 4, 5, 7, 9, 95, 99, 105, 111, 119, 125, 131, 137, 143, 149, 157, 166, 173], "summary": {"covered_lines": 19, "num_statements": 19, "percent_covered": 100.0, "percent_covered_display": "100", "missing_lines": 0, "excluded_lines": 0}, "missing_lines": [], "excluded_lines": []}}, "classes": {"": {"executed_lines": [1, 3, 4, 5, 7, 9, 12, 14, 17, 18, 19, 20, 22, 23, 26, 28, 29, 39, 40, 41, 42, 44, 47, 48, 49, 50, 52, 54, 55, 56, 60, 66, 67, 68, 71, 74, 75, 80, 83, 84, 87, 92, 95, 99, 100, 101, 102, 103, 105, 111, 119, 125, 131, 137, 143, 149, 157, 166, 173], "summary": {"covered_lines": 59, "num_statements": 118, "percent_covered": 50.0, "percent_covered_display": "50", "missing_lines": 59, "excluded_lines": 0}, "missing_lines": [13, 15, 27, 31, 43, 51, 61, 62, 64, 69, 76, 81, 88, 96, 97, 106, 107, 108, 109, 112, 113, 114, 115, 120, 121, 122, 123, 126, 127, 128, 129, 132, 133, 134, 135, 138, 139, 140, 141, 144, 145, 146, 147, 150, 151, 153, 154, 158, 159, 161, 162, 167, 168, 169, 171, 174, 175, 176, 178], "excluded_lines": []}}}, "/Users/lucasralph/Dev/LJR_dev/UMN/hazelbean_dev/hazelbean/arrayframe_numpy_functions.py": {"executed_lines": [], "summary": {"covered_lines": 0, "num_statements": 63, "percent_covered": 0.0, "percent_covered_display": "0", "missing_lines": 63, "excluded_lines": 0}, "missing_lines": [1, 3, 4, 5, 7, 9, 10, 11, 13, 14, 15, 16, 17, 19, 20, 21, 22, 23, 25, 26, 27, 28, 29, 33, 34, 35, 36, 37, 39, 40, 41, 42, 43, 45, 46, 47, 48, 49, 51, 52, 53, 54, 55, 57, 58, 59, 60, 61, 63, 64, 65, 67, 68, 72, 73, 74, 75, 77, 79, 80, 81, 82, 84], "excluded_lines": [], "functions": {"apply_op": {"executed_lines": [], "summary": {"covered_lines": 0, "num_statements": 2, "percent_covered": 0.0, "percent_covered_display": "0", "missing_lines": 2, "excluded_lines": 0}, "missing_lines": [10, 11], "excluded_lines": []}, "add": {"executed_lines": [], "summary": {"covered_lines": 0, "num_statements": 3, "percent_covered": 0.0, "percent_covered_display": "0", "missing_lines": 3, "excluded_lines": 0}, "missing_lines": [14, 16, 17], "excluded_lines": []}, "add.op": {"executed_lines": [], "summary": {"covered_lines": 0, "num_statements": 1, "percent_covered": 0.0, "percent_covered_display": "0", "missing_lines": 1, "excluded_lines": 0}, "missing_lines": [15], "excluded_lines": []}, "add_with_valid_mask": {"executed_lines": [], "summary": {"covered_lines": 0, "num_statements": 3, "percent_covered": 0.0, "percent_covered_display": "0", "missing_lines": 3, "excluded_lines": 0}, "missing_lines": [20, 22, 23], "excluded_lines": []}, "add_with_valid_mask.op": {"executed_lines": [], "summary": {"covered_lines": 0, "num_statements": 1, "percent_covered": 0.0, "percent_covered_display": "0", "missing_lines": 1, "excluded_lines": 0}, "missing_lines": [21], "excluded_lines": []}, "add_smart": {"executed_lines": [], "summary": {"covered_lines": 0, "num_statements": 3, "percent_covered": 0.0, "percent_covered_display": "0", "missing_lines": 3, "excluded_lines": 0}, "missing_lines": [26, 28, 29], "excluded_lines": []}, "add_smart.op": {"executed_lines": [], "summary": {"covered_lines": 0, "num_statements": 1, "percent_covered": 0.0, "percent_covered_display": "0", "missing_lines": 1, "excluded_lines": 0}, "missing_lines": [27], "excluded_lines": []}, "subtract": {"executed_lines": [], "summary": {"covered_lines": 0, "num_statements": 3, "percent_covered": 0.0, "percent_covered_display": "0", "missing_lines": 3, "excluded_lines": 0}, "missing_lines": [34, 36, 37], "excluded_lines": []}, "subtract.op": {"executed_lines": [], "summary": {"covered_lines": 0, "num_statements": 1, "percent_covered": 0.0, "percent_covered_display": "0", "missing_lines": 1, "excluded_lines": 0}, "missing_lines": [35], "excluded_lines": []}, "multiply": {"executed_lines": [], "summary": {"covered_lines": 0, "num_statements": 3, "percent_covered": 0.0, "percent_covered_display": "0", "missing_lines": 3, "excluded_lines": 0}, "missing_lines": [40, 42, 43], "excluded_lines": []}, "multiply.op": {"executed_lines": [], "summary": {"covered_lines": 0, "num_statements": 1, "percent_covered": 0.0, "percent_covered_display": "0", "missing_lines": 1, "excluded_lines": 0}, "missing_lines": [41], "excluded_lines": []}, "divide": {"executed_lines": [], "summary": {"covered_lines": 0, "num_statements": 3, "percent_covered": 0.0, "percent_covered_display": "0", "missing_lines": 3, "excluded_lines": 0}, "missing_lines": [46, 48, 49], "excluded_lines": []}, "divide.op": {"executed_lines": [], "summary": {"covered_lines": 0, "num_statements": 1, "percent_covered": 0.0, "percent_covered_display": "0", "missing_lines": 1, "excluded_lines": 0}, "missing_lines": [47], "excluded_lines": []}, "greater_than": {"executed_lines": [], "summary": {"covered_lines": 0, "num_statements": 3, "percent_covered": 0.0, "percent_covered_display": "0", "missing_lines": 3, "excluded_lines": 0}, "missing_lines": [52, 54, 55], "excluded_lines": []}, "greater_than.op": {"executed_lines": [], "summary": {"covered_lines": 0, "num_statements": 1, "percent_covered": 0.0, "percent_covered_display": "0", "missing_lines": 1, "excluded_lines": 0}, "missing_lines": [53], "excluded_lines": []}, "a_greater_than_zero_b_equal_zero": {"executed_lines": [], "summary": {"covered_lines": 0, "num_statements": 3, "percent_covered": 0.0, "percent_covered_display": "0", "missing_lines": 3, "excluded_lines": 0}, "missing_lines": [58, 60, 61], "excluded_lines": []}, "a_greater_than_zero_b_equal_zero.op": {"executed_lines": [], "summary": {"covered_lines": 0, "num_statements": 1, "percent_covered": 0.0, "percent_covered_display": "0", "missing_lines": 1, "excluded_lines": 0}, "missing_lines": [59], "excluded_lines": []}, "proportion_change": {"executed_lines": [], "summary": {"covered_lines": 0, "num_statements": 3, "percent_covered": 0.0, "percent_covered_display": "0", "missing_lines": 3, "excluded_lines": 0}, "missing_lines": [64, 67, 68], "excluded_lines": []}, "proportion_change.op": {"executed_lines": [], "summary": {"covered_lines": 0, "num_statements": 1, "percent_covered": 0.0, "percent_covered_display": "0", "missing_lines": 1, "excluded_lines": 0}, "missing_lines": [65], "excluded_lines": []}, "tiled_sum": {"executed_lines": [], "summary": {"covered_lines": 0, "num_statements": 4, "percent_covered": 0.0, "percent_covered_display": "0", "missing_lines": 4, "excluded_lines": 0}, "missing_lines": [73, 74, 75, 77], "excluded_lines": []}, "tiled_num_nonzero": {"executed_lines": [], "summary": {"covered_lines": 0, "num_statements": 4, "percent_covered": 0.0, "percent_covered_display": "0", "missing_lines": 4, "excluded_lines": 0}, "missing_lines": [80, 81, 82, 84], "excluded_lines": []}, "": {"executed_lines": [], "summary": {"covered_lines": 0, "num_statements": 17, "percent_covered": 0.0, "percent_covered_display": "0", "missing_lines": 17, "excluded_lines": 0}, "missing_lines": [1, 3, 4, 5, 7, 9, 13, 19, 25, 33, 39, 45, 51, 57, 63, 72, 79], "excluded_lines": []}}, "classes": {"": {"executed_lines": [], "summary": {"covered_lines": 0, "num_statements": 63, "percent_covered": 0.0, "percent_covered_display": "0", "missing_lines": 63, "excluded_lines": 0}, "missing_lines": [1, 3, 4, 5, 7, 9, 10, 11, 13, 14, 15, 16, 17, 19, 20, 21, 22, 23, 25, 26, 27, 28, 29, 33, 34, 35, 36, 37, 39, 40, 41, 42, 43, 45, 46, 47, 48, 49, 51, 52, 53, 54, 55, 57, 58, 59, 60, 61, 63, 64, 65, 67, 68, 72, 73, 74, 75, 77, 79, 80, 81, 82, 84], "excluded_lines": []}}}, "/Users/lucasralph/Dev/LJR_dev/UMN/hazelbean_dev/hazelbean/calculation_core/__init__.py": {"executed_lines": [1, 3, 5, 6, 13, 14, 15, 20, 22], "summary": {"covered_lines": 9, "num_statements": 27, "percent_covered": 33.333333333333336, "percent_covered_display": "33", "missing_lines": 18, "excluded_lines": 0}, "missing_lines": [25, 26, 27, 28, 29, 31, 32, 33, 36, 37, 38, 41, 42, 43, 47, 48, 49, 52], "excluded_lines": [], "functions": {"": {"executed_lines": [1, 3, 5, 6, 13, 14, 15, 20, 22], "summary": {"covered_lines": 9, "num_statements": 27, "percent_covered": 33.333333333333336, "percent_covered_display": "33", "missing_lines": 18, "excluded_lines": 0}, "missing_lines": [25, 26, 27, 28, 29, 31, 32, 33, 36, 37, 38, 41, 42, 43, 47, 48, 49, 52], "excluded_lines": []}}, "classes": {"": {"executed_lines": [1, 3, 5, 6, 13, 14, 15, 20, 22], "summary": {"covered_lines": 9, "num_statements": 27, "percent_covered": 33.333333333333336, "percent_covered_display": "33", "missing_lines": 18, "excluded_lines": 0}, "missing_lines": [25, 26, 27, 28, 29, 31, 32, 33, 36, 37, 38, 41, 42, 43, 47, 48, 49, 52], "excluded_lines": []}}}, "/Users/lucasralph/Dev/LJR_dev/UMN/hazelbean_dev/hazelbean/calculation_core/compile_cython_functions.py": {"executed_lines": [], "summary": {"covered_lines": 0, "num_statements": 7, "percent_covered": 0.0, "percent_covered_display": "0", "missing_lines": 7, "excluded_lines": 0}, "missing_lines": [1, 2, 3, 4, 6, 10, 20], "excluded_lines": [], "functions": {"": {"executed_lines": [], "summary": {"covered_lines": 0, "num_statements": 7, "percent_covered": 0.0, "percent_covered_display": "0", "missing_lines": 7, "excluded_lines": 0}, "missing_lines": [1, 2, 3, 4, 6, 10, 20], "excluded_lines": []}}, "classes": {"": {"executed_lines": [], "summary": {"covered_lines": 0, "num_statements": 7, "percent_covered": 0.0, "percent_covered_display": "0", "missing_lines": 7, "excluded_lines": 0}, "missing_lines": [1, 2, 3, 4, 6, 10, 20], "excluded_lines": []}}}, "/Users/lucasralph/Dev/LJR_dev/UMN/hazelbean_dev/hazelbean/cat_ears.py": {"executed_lines": [3, 4, 6, 7, 9, 15, 16, 17, 19, 37, 60, 66, 68, 69, 70, 71, 72, 73, 74, 75, 76, 77, 78, 79, 80, 81, 82, 87, 90, 144, 145, 146, 147, 148, 149, 151, 153, 164], "summary": {"covered_lines": 38, "num_statements": 93, "percent_covered": 40.86021505376344, "percent_covered_display": "41", "missing_lines": 55, "excluded_lines": 0}, "missing_lines": [27, 28, 30, 31, 32, 33, 35, 53, 54, 55, 56, 61, 62, 63, 64, 84, 85, 96, 97, 99, 100, 101, 102, 103, 104, 134, 154, 155, 156, 157, 158, 159, 161, 165, 166, 167, 168, 169, 170, 171, 172, 173, 174, 175, 176, 177, 178, 179, 180, 181, 182, 183, 184, 185, 187], "excluded_lines": [], "functions": {"has_cat_ears": {"executed_lines": [15, 16, 17], "summary": {"covered_lines": 3, "num_statements": 3, "percent_covered": 100.0, "percent_covered_display": "100", "missing_lines": 0, "excluded_lines": 0}, "missing_lines": [], "excluded_lines": []}, "replace_cat_ears_with_object_attributes": {"executed_lines": [], "summary": {"covered_lines": 0, "num_statements": 7, "percent_covered": 0.0, "percent_covered_display": "0", "missing_lines": 7, "excluded_lines": 0}, "missing_lines": [27, 28, 30, 31, 32, 33, 35], "excluded_lines": []}, "replace_cat_ears_with_dict": {"executed_lines": [], "summary": {"covered_lines": 0, "num_statements": 4, "percent_covered": 0.0, "percent_covered_display": "0", "missing_lines": 4, "excluded_lines": 0}, "missing_lines": [53, 54, 55, 56], "excluded_lines": []}, "get_variable_name": {"executed_lines": [], "summary": {"covered_lines": 0, "num_statements": 4, "percent_covered": 0.0, "percent_covered_display": "0", "missing_lines": 4, "excluded_lines": 0}, "missing_lines": [61, 62, 63, 64], "excluded_lines": []}, "parse_to_ce_list": {"executed_lines": [68, 69, 70, 71, 72, 73, 74, 75, 76, 77, 78, 79, 80, 81, 82, 87], "summary": {"covered_lines": 16, "num_statements": 18, "percent_covered": 88.88888888888889, "percent_covered_display": "89", "missing_lines": 2, "excluded_lines": 0}, "missing_lines": [84, 85], "excluded_lines": []}, "parse_cat_ears_in_string": {"executed_lines": [], "summary": {"covered_lines": 0, "num_statements": 9, "percent_covered": 0.0, "percent_covered_display": "0", "missing_lines": 9, "excluded_lines": 0}, "missing_lines": [96, 97, 99, 100, 101, 102, 103, 104, 134], "excluded_lines": []}, "get_combined_list": {"executed_lines": [145, 146, 147, 148, 149, 151], "summary": {"covered_lines": 6, "num_statements": 6, "percent_covered": 100.0, "percent_covered_display": "100", "missing_lines": 0, "excluded_lines": 0}, "missing_lines": [], "excluded_lines": []}, "get_combined_odict": {"executed_lines": [], "summary": {"covered_lines": 0, "num_statements": 7, "percent_covered": 0.0, "percent_covered_display": "0", "missing_lines": 7, "excluded_lines": 0}, "missing_lines": [154, 155, 156, 157, 158, 159, 161], "excluded_lines": []}, "collapse_ce_list": {"executed_lines": [], "summary": {"covered_lines": 0, "num_statements": 22, "percent_covered": 0.0, "percent_covered_display": "0", "missing_lines": 22, "excluded_lines": 0}, "missing_lines": [165, 166, 167, 168, 169, 170, 171, 172, 173, 174, 175, 176, 177, 178, 179, 180, 181, 182, 183, 184, 185, 187], "excluded_lines": []}, "": {"executed_lines": [3, 4, 6, 7, 9, 19, 37, 60, 66, 90, 144, 153, 164], "summary": {"covered_lines": 13, "num_statements": 13, "percent_covered": 100.0, "percent_covered_display": "100", "missing_lines": 0, "excluded_lines": 0}, "missing_lines": [], "excluded_lines": []}}, "classes": {"": {"executed_lines": [3, 4, 6, 7, 9, 15, 16, 17, 19, 37, 60, 66, 68, 69, 70, 71, 72, 73, 74, 75, 76, 77, 78, 79, 80, 81, 82, 87, 90, 144, 145, 146, 147, 148, 149, 151, 153, 164], "summary": {"covered_lines": 38, "num_statements": 93, "percent_covered": 40.86021505376344, "percent_covered_display": "41", "missing_lines": 55, "excluded_lines": 0}, "missing_lines": [27, 28, 30, 31, 32, 33, 35, 53, 54, 55, 56, 61, 62, 63, 64, 84, 85, 96, 97, 99, 100, 101, 102, 103, 104, 134, 154, 155, 156, 157, 158, 159, 161, 165, 166, 167, 168, 169, 170, 171, 172, 173, 174, 175, 176, 177, 178, 179, 180, 181, 182, 183, 184, 185, 187], "excluded_lines": []}}}, "/Users/lucasralph/Dev/LJR_dev/UMN/hazelbean_dev/hazelbean/cloud_utils.py": {"executed_lines": [1, 2, 3, 4, 5, 6, 7, 8, 9, 10, 11, 12, 13, 14, 15, 18, 19, 21, 22, 24, 25, 26, 27, 32, 62, 122, 142, 144, 145, 150, 153, 155, 158, 226, 262, 286, 324], "summary": {"covered_lines": 37, "num_statements": 194, "percent_covered": 19.072164948453608, "percent_covered_display": "19", "missing_lines": 157, "excluded_lines": 0}, "missing_lines": [28, 29, 33, 34, 38, 40, 41, 55, 56, 58, 59, 75, 76, 77, 78, 79, 80, 81, 82, 83, 84, 87, 88, 90, 91, 92, 93, 94, 95, 97, 98, 99, 100, 101, 102, 105, 106, 109, 110, 111, 112, 113, 116, 117, 118, 124, 126, 127, 128, 129, 131, 137, 138, 148, 151, 154, 161, 162, 163, 164, 165, 167, 169, 171, 172, 173, 174, 176, 177, 178, 181, 183, 184, 187, 188, 189, 190, 191, 229, 231, 233, 234, 235, 238, 239, 240, 242, 243, 244, 245, 247, 250, 251, 252, 254, 255, 257, 258, 259, 269, 272, 273, 276, 277, 280, 281, 282, 285, 288, 289, 290, 291, 293, 294, 296, 298, 300, 301, 302, 303, 304, 305, 306, 307, 308, 310, 311, 312, 313, 314, 317, 318, 320, 321, 337, 338, 339, 340, 341, 344, 346, 347, 349, 350, 351, 352, 353, 354, 355, 356, 358, 359, 361, 362, 363, 364, 365], "excluded_lines": [], "functions": {"is_internet_available": {"executed_lines": [25, 26, 27], "summary": {"covered_lines": 3, "num_statements": 5, "percent_covered": 60.0, "percent_covered_display": "60", "missing_lines": 2, "excluded_lines": 0}, "missing_lines": [28, 29], "excluded_lines": []}, "gsutil_download_url": {"executed_lines": [], "summary": {"covered_lines": 0, "num_statements": 9, "percent_covered": 0.0, "percent_covered_display": "0", "missing_lines": 9, "excluded_lines": 0}, "missing_lines": [33, 34, 38, 40, 41, 55, 56, 58, 59], "excluded_lines": []}, "download_url": {"executed_lines": [], "summary": {"covered_lines": 0, "num_statements": 34, "percent_covered": 0.0, "percent_covered_display": "0", "missing_lines": 34, "excluded_lines": 0}, "missing_lines": [75, 76, 77, 78, 79, 80, 81, 82, 83, 84, 87, 88, 90, 91, 92, 93, 94, 95, 97, 98, 99, 100, 101, 102, 105, 106, 109, 110, 111, 112, 113, 116, 117, 118], "excluded_lines": []}, "download_urls_list": {"executed_lines": [], "summary": {"covered_lines": 0, "num_statements": 8, "percent_covered": 0.0, "percent_covered_display": "0", "missing_lines": 8, "excluded_lines": 0}, "missing_lines": [124, 126, 127, 128, 129, 131, 137, 138], "excluded_lines": []}, "download_google_cloud_blob": {"executed_lines": [144, 145, 150, 153, 155, 158], "summary": {"covered_lines": 6, "num_statements": 31, "percent_covered": 19.35483870967742, "percent_covered_display": "19", "missing_lines": 25, "excluded_lines": 0}, "missing_lines": [148, 151, 154, 161, 162, 163, 164, 165, 167, 169, 171, 172, 173, 174, 176, 177, 178, 181, 183, 184, 187, 188, 189, 190, 191], "excluded_lines": []}, "list_files_in_google_drive_folder": {"executed_lines": [], "summary": {"covered_lines": 0, "num_statements": 21, "percent_covered": 0.0, "percent_covered_display": "0", "missing_lines": 21, "excluded_lines": 0}, "missing_lines": [229, 231, 233, 234, 235, 238, 239, 240, 242, 243, 244, 245, 247, 250, 251, 252, 254, 255, 257, 258, 259], "excluded_lines": []}, "promote_ref_path_to_base_data": {"executed_lines": [], "summary": {"covered_lines": 0, "num_statements": 9, "percent_covered": 0.0, "percent_covered_display": "0", "missing_lines": 9, "excluded_lines": 0}, "missing_lines": [269, 272, 273, 276, 277, 280, 281, 282, 285], "excluded_lines": []}, "download_gdrive_refpath": {"executed_lines": [], "summary": {"covered_lines": 0, "num_statements": 26, "percent_covered": 0.0, "percent_covered_display": "0", "missing_lines": 26, "excluded_lines": 0}, "missing_lines": [288, 289, 290, 291, 293, 294, 296, 298, 300, 301, 302, 303, 304, 305, 306, 307, 308, 310, 311, 312, 313, 314, 317, 318, 320, 321], "excluded_lines": []}, "download_file": {"executed_lines": [], "summary": {"covered_lines": 0, "num_statements": 23, "percent_covered": 0.0, "percent_covered_display": "0", "missing_lines": 23, "excluded_lines": 0}, "missing_lines": [337, 338, 339, 340, 341, 344, 346, 347, 349, 350, 351, 352, 353, 354, 355, 356, 358, 359, 361, 362, 363, 364, 365], "excluded_lines": []}, "": {"executed_lines": [1, 2, 3, 4, 5, 6, 7, 8, 9, 10, 11, 12, 13, 14, 15, 18, 19, 21, 22, 24, 32, 62, 122, 142, 226, 262, 286, 324], "summary": {"covered_lines": 28, "num_statements": 28, "percent_covered": 100.0, "percent_covered_display": "100", "missing_lines": 0, "excluded_lines": 0}, "missing_lines": [], "excluded_lines": []}}, "classes": {"": {"executed_lines": [1, 2, 3, 4, 5, 6, 7, 8, 9, 10, 11, 12, 13, 14, 15, 18, 19, 21, 22, 24, 25, 26, 27, 32, 62, 122, 142, 144, 145, 150, 153, 155, 158, 226, 262, 286, 324], "summary": {"covered_lines": 37, "num_statements": 194, "percent_covered": 19.072164948453608, "percent_covered_display": "19", "missing_lines": 157, "excluded_lines": 0}, "missing_lines": [28, 29, 33, 34, 38, 40, 41, 55, 56, 58, 59, 75, 76, 77, 78, 79, 80, 81, 82, 83, 84, 87, 88, 90, 91, 92, 93, 94, 95, 97, 98, 99, 100, 101, 102, 105, 106, 109, 110, 111, 112, 113, 116, 117, 118, 124, 126, 127, 128, 129, 131, 137, 138, 148, 151, 154, 161, 162, 163, 164, 165, 167, 169, 171, 172, 173, 174, 176, 177, 178, 181, 183, 184, 187, 188, 189, 190, 191, 229, 231, 233, 234, 235, 238, 239, 240, 242, 243, 244, 245, 247, 250, 251, 252, 254, 255, 257, 258, 259, 269, 272, 273, 276, 277, 280, 281, 282, 285, 288, 289, 290, 291, 293, 294, 296, 298, 300, 301, 302, 303, 304, 305, 306, 307, 308, 310, 311, 312, 313, 314, 317, 318, 320, 321, 337, 338, 339, 340, 341, 344, 346, 347, 349, 350, 351, 352, 353, 354, 355, 356, 358, 359, 361, 362, 363, 364, 365], "excluded_lines": []}}}, "/Users/lucasralph/Dev/LJR_dev/UMN/hazelbean_dev/hazelbean/cog.py": {"executed_lines": [1, 2, 3, 4, 5, 6, 7, 9, 11, 13, 14, 16, 23, 30, 31, 39, 43, 44, 45, 46, 48, 50, 51, 52, 55, 60, 63, 67, 68, 71, 76, 77, 78, 79, 85, 86, 88, 89, 96, 100, 102, 106, 107, 110, 111, 112, 116, 117, 120, 122, 125, 128, 138, 139, 142, 143, 144, 145, 150, 157, 161, 164, 168, 179, 180, 181, 185, 188, 191, 192, 195, 205, 206, 207, 210, 213, 223, 231, 234, 235, 237, 239, 275, 288, 289, 292, 305, 306, 307, 316, 317, 318, 319, 321, 322, 323, 324, 326, 327, 334, 335, 336, 337, 344, 345, 346, 347, 348, 355, 392, 394, 397, 422, 440, 443, 444, 455, 456, 457, 458, 459, 460, 461, 462, 465, 466, 467, 468, 471, 477, 478, 480, 481, 482, 483, 485, 488, 489, 491, 492, 493, 494, 497, 498, 499, 500, 503, 504, 505, 506, 507, 510, 513, 515, 516, 519, 521, 522, 527, 528, 530, 532, 533, 534, 537, 538, 547, 548, 549, 554, 555, 556, 557, 558, 559, 574, 575, 576, 577, 578, 581, 582, 585, 586, 587, 588, 589, 590, 591, 592, 593, 595, 605, 606, 611, 616, 621, 623, 629, 630, 633, 647, 648, 649, 651, 664, 669, 685, 686, 687, 701, 702, 703, 705, 718, 726, 742, 744], "summary": {"covered_lines": 218, "num_statements": 328, "percent_covered": 66.46341463414635, "percent_covered_display": "66", "missing_lines": 110, "excluded_lines": 0}, "missing_lines": [17, 18, 19, 20, 21, 24, 25, 26, 27, 28, 32, 33, 34, 35, 36, 37, 47, 61, 64, 65, 81, 83, 90, 103, 113, 140, 162, 165, 182, 240, 241, 242, 243, 245, 246, 247, 248, 250, 252, 253, 255, 276, 279, 280, 281, 282, 285, 308, 309, 310, 311, 314, 328, 338, 349, 362, 365, 366, 368, 374, 375, 381, 382, 383, 390, 399, 400, 401, 402, 403, 404, 405, 406, 409, 411, 412, 413, 419, 441, 445, 446, 447, 448, 449, 452, 453, 463, 469, 472, 490, 496, 514, 535, 542, 550, 565, 583, 596, 597, 602, 607, 631, 634, 650, 665, 673, 688, 704, 719, 730], "excluded_lines": [], "functions": {"is_path_cog": {"executed_lines": [13, 14, 16, 23, 30, 31, 39, 43, 44, 45, 46, 48, 50, 51, 52], "summary": {"covered_lines": 15, "num_statements": 32, "percent_covered": 46.875, "percent_covered_display": "47", "missing_lines": 17, "excluded_lines": 0}, "missing_lines": [17, 18, 19, 20, 21, 24, 25, 26, 27, 28, 32, 33, 34, 35, 36, 37, 47], "excluded_lines": []}, "make_path_cog": {"executed_lines": [60, 63, 67, 68, 71, 76, 77, 78, 79, 85, 86, 88, 89, 96, 100, 102, 106, 107, 110, 111, 112, 116, 117, 120, 122, 125, 128, 138, 139, 142, 143, 144, 145, 150, 157, 161, 164], "summary": {"covered_lines": 37, "num_statements": 48, "percent_covered": 77.08333333333333, "percent_covered_display": "77", "missing_lines": 11, "excluded_lines": 0}, "missing_lines": [61, 64, 65, 81, 83, 90, 103, 113, 140, 162, 165], "excluded_lines": []}, "write_random_cog": {"executed_lines": [179, 180, 181, 185, 188, 191, 192, 195, 205, 206, 207, 210, 213, 223, 231, 234, 235, 237], "summary": {"covered_lines": 18, "num_statements": 19, "percent_covered": 94.73684210526316, "percent_covered_display": "95", "missing_lines": 1, "excluded_lines": 0}, "missing_lines": [182], "excluded_lines": []}, "make_path_cog_with_cogger": {"executed_lines": [], "summary": {"covered_lines": 0, "num_statements": 12, "percent_covered": 0.0, "percent_covered_display": "0", "missing_lines": 12, "excluded_lines": 0}, "missing_lines": [240, 241, 242, 243, 245, 246, 247, 248, 250, 252, 253, 255], "excluded_lines": []}, "Usage": {"executed_lines": [], "summary": {"covered_lines": 0, "num_statements": 6, "percent_covered": 0.0, "percent_covered_display": "0", "missing_lines": 6, "excluded_lines": 0}, "missing_lines": [276, 279, 280, 281, 282, 285], "excluded_lines": []}, "full_check_band": {"executed_lines": [305, 306, 307, 316, 317, 318, 319, 321, 322, 323, 324, 326, 327, 334, 335, 336, 337, 344, 345, 346, 347, 348, 355, 392, 394], "summary": {"covered_lines": 25, "num_statements": 43, "percent_covered": 58.13953488372093, "percent_covered_display": "58", "missing_lines": 18, "excluded_lines": 0}, "missing_lines": [308, 309, 310, 311, 314, 328, 338, 349, 362, 365, 366, 368, 374, 375, 381, 382, 383, 390], "excluded_lines": []}, "check_tile_interleave": {"executed_lines": [], "summary": {"covered_lines": 0, "num_statements": 13, "percent_covered": 0.0, "percent_covered_display": "0", "missing_lines": 13, "excluded_lines": 0}, "missing_lines": [399, 400, 401, 402, 403, 404, 405, 406, 409, 411, 412, 413, 419], "excluded_lines": []}, "validate": {"executed_lines": [440, 443, 444, 455, 456, 457, 458, 459, 460, 461, 462, 465, 466, 467, 468, 471, 477, 478, 480, 481, 482, 483, 485, 488, 489, 491, 492, 493, 494, 497, 498, 499, 500, 503, 504, 505, 506, 507, 510, 513, 515, 516, 519, 521, 522, 527, 528, 530, 532, 533, 534, 537, 538, 547, 548, 549, 554, 555, 556, 557, 558, 559, 574, 585, 586, 587, 588, 589, 590, 591, 592, 593, 595, 605, 606, 611, 616, 621, 623, 629, 630, 633, 647, 648, 649, 651, 664, 669, 685, 686, 687, 701, 702, 703, 705, 718, 726, 742, 744], "summary": {"covered_lines": 99, "num_statements": 130, "percent_covered": 76.15384615384616, "percent_covered_display": "76", "missing_lines": 31, "excluded_lines": 0}, "missing_lines": [441, 445, 446, 447, 448, 449, 452, 453, 463, 469, 472, 490, 496, 514, 535, 542, 550, 565, 596, 597, 602, 607, 631, 634, 650, 665, 673, 688, 704, 719, 730], "excluded_lines": []}, "validate.get_block_offset": {"executed_lines": [575, 576, 577, 578, 581, 582], "summary": {"covered_lines": 6, "num_statements": 7, "percent_covered": 85.71428571428571, "percent_covered_display": "86", "missing_lines": 1, "excluded_lines": 0}, "missing_lines": [583], "excluded_lines": []}, "": {"executed_lines": [1, 2, 3, 4, 5, 6, 7, 9, 11, 55, 168, 239, 275, 288, 289, 292, 397, 422], "summary": {"covered_lines": 18, "num_statements": 18, "percent_covered": 100.0, "percent_covered_display": "100", "missing_lines": 0, "excluded_lines": 0}, "missing_lines": [], "excluded_lines": []}}, "classes": {"ValidateCloudOptimizedGeoTIFFException": {"executed_lines": [], "summary": {"covered_lines": 0, "num_statements": 0, "percent_covered": 100.0, "percent_covered_display": "100", "missing_lines": 0, "excluded_lines": 0}, "missing_lines": [], "excluded_lines": []}, "": {"executed_lines": [1, 2, 3, 4, 5, 6, 7, 9, 11, 13, 14, 16, 23, 30, 31, 39, 43, 44, 45, 46, 48, 50, 51, 52, 55, 60, 63, 67, 68, 71, 76, 77, 78, 79, 85, 86, 88, 89, 96, 100, 102, 106, 107, 110, 111, 112, 116, 117, 120, 122, 125, 128, 138, 139, 142, 143, 144, 145, 150, 157, 161, 164, 168, 179, 180, 181, 185, 188, 191, 192, 195, 205, 206, 207, 210, 213, 223, 231, 234, 235, 237, 239, 275, 288, 289, 292, 305, 306, 307, 316, 317, 318, 319, 321, 322, 323, 324, 326, 327, 334, 335, 336, 337, 344, 345, 346, 347, 348, 355, 392, 394, 397, 422, 440, 443, 444, 455, 456, 457, 458, 459, 460, 461, 462, 465, 466, 467, 468, 471, 477, 478, 480, 481, 482, 483, 485, 488, 489, 491, 492, 493, 494, 497, 498, 499, 500, 503, 504, 505, 506, 507, 510, 513, 515, 516, 519, 521, 522, 527, 528, 530, 532, 533, 534, 537, 538, 547, 548, 549, 554, 555, 556, 557, 558, 559, 574, 575, 576, 577, 578, 581, 582, 585, 586, 587, 588, 589, 590, 591, 592, 593, 595, 605, 606, 611, 616, 621, 623, 629, 630, 633, 647, 648, 649, 651, 664, 669, 685, 686, 687, 701, 702, 703, 705, 718, 726, 742, 744], "summary": {"covered_lines": 218, "num_statements": 328, "percent_covered": 66.46341463414635, "percent_covered_display": "66", "missing_lines": 110, "excluded_lines": 0}, "missing_lines": [17, 18, 19, 20, 21, 24, 25, 26, 27, 28, 32, 33, 34, 35, 36, 37, 47, 61, 64, 65, 81, 83, 90, 103, 113, 140, 162, 165, 182, 240, 241, 242, 243, 245, 246, 247, 248, 250, 252, 253, 255, 276, 279, 280, 281, 282, 285, 308, 309, 310, 311, 314, 328, 338, 349, 362, 365, 366, 368, 374, 375, 381, 382, 383, 390, 399, 400, 401, 402, 403, 404, 405, 406, 409, 411, 412, 413, 419, 441, 445, 446, 447, 448, 449, 452, 453, 463, 469, 472, 490, 496, 514, 535, 542, 550, 565, 583, 596, 597, 602, 607, 631, 634, 650, 665, 673, 688, 704, 719, 730], "excluded_lines": []}}}, "/Users/lucasralph/Dev/LJR_dev/UMN/hazelbean_dev/hazelbean/config.py": {"executed_lines": [3, 4, 5, 6, 7, 9, 12, 14, 15, 16, 17, 18, 19, 21, 23, 24, 25, 26, 29, 30, 31, 32, 33, 34, 35, 36, 37, 38, 39, 40, 41, 42, 43, 76, 77, 78, 79, 80, 81, 84, 85, 88, 89, 90, 91, 92, 93, 95, 98, 103, 109, 117, 142, 164, 177, 181, 182, 183, 185, 187, 189, 191, 192, 194, 196, 211, 214, 215, 217, 221, 222, 225, 226, 229, 235, 237, 245, 251, 252, 255, 270, 283, 284, 286, 290, 296, 298, 308, 309, 310, 311, 312, 313, 314, 315, 317, 318, 319, 320, 321, 322, 323, 324, 326, 343, 370, 371, 372, 373, 374, 375, 376, 377, 378, 379, 380, 381, 382, 383, 384, 385, 386, 387, 388, 389, 391, 394, 395], "summary": {"covered_lines": 128, "num_statements": 228, "percent_covered": 56.14035087719298, "percent_covered_display": "56", "missing_lines": 100, "excluded_lines": 0}, "missing_lines": [45, 46, 47, 48, 49, 51, 53, 54, 56, 58, 59, 60, 61, 65, 66, 68, 69, 71, 72, 96, 100, 101, 104, 105, 106, 107, 110, 111, 112, 113, 114, 115, 119, 120, 121, 122, 123, 125, 126, 128, 129, 130, 131, 133, 135, 137, 138, 140, 143, 144, 145, 146, 148, 150, 151, 152, 153, 154, 155, 157, 158, 160, 161, 162, 165, 166, 167, 168, 169, 171, 172, 173, 174, 175, 178, 179, 219, 220, 230, 242, 243, 246, 247, 248, 249, 257, 258, 259, 261, 264, 265, 266, 267, 268, 271, 272, 273, 274, 275, 277], "excluded_lines": [], "functions": {"list_mounted_drive_paths": {"executed_lines": [14, 15, 16, 17, 18, 19, 21], "summary": {"covered_lines": 7, "num_statements": 7, "percent_covered": 100.0, "percent_covered_display": "100", "missing_lines": 0, "excluded_lines": 0}, "missing_lines": [], "excluded_lines": []}, "CustomLogger.__init__": {"executed_lines": [90, 91, 92, 93], "summary": {"covered_lines": 4, "num_statements": 4, "percent_covered": 100.0, "percent_covered_display": "100", "missing_lines": 0, "excluded_lines": 0}, "missing_lines": [], "excluded_lines": []}, "CustomLogger.process": {"executed_lines": [], "summary": {"covered_lines": 0, "num_statements": 1, "percent_covered": 0.0, "percent_covered_display": "0", "missing_lines": 1, "excluded_lines": 0}, "missing_lines": [96], "excluded_lines": []}, "CustomLogger.debug_deeper_1": {"executed_lines": [], "summary": {"covered_lines": 0, "num_statements": 2, "percent_covered": 0.0, "percent_covered_display": "0", "missing_lines": 2, "excluded_lines": 0}, "missing_lines": [100, 101], "excluded_lines": []}, "CustomLogger.debug": {"executed_lines": [], "summary": {"covered_lines": 0, "num_statements": 4, "percent_covered": 0.0, "percent_covered_display": "0", "missing_lines": 4, "excluded_lines": 0}, "missing_lines": [104, 105, 106, 107], "excluded_lines": []}, "CustomLogger.info": {"executed_lines": [], "summary": {"covered_lines": 0, "num_statements": 6, "percent_covered": 0.0, "percent_covered_display": "0", "missing_lines": 6, "excluded_lines": 0}, "missing_lines": [110, 111, 112, 113, 114, 115], "excluded_lines": []}, "CustomLogger.print": {"executed_lines": [], "summary": {"covered_lines": 0, "num_statements": 16, "percent_covered": 0.0, "percent_covered_display": "0", "missing_lines": 16, "excluded_lines": 0}, "missing_lines": [119, 120, 121, 122, 123, 125, 126, 128, 129, 130, 131, 133, 135, 137, 138, 140], "excluded_lines": []}, "CustomLogger.warning": {"executed_lines": [], "summary": {"covered_lines": 0, "num_statements": 16, "percent_covered": 0.0, "percent_covered_display": "0", "missing_lines": 16, "excluded_lines": 0}, "missing_lines": [143, 144, 145, 146, 148, 150, 151, 152, 153, 154, 155, 157, 158, 160, 161, 162], "excluded_lines": []}, "CustomLogger.critical": {"executed_lines": [], "summary": {"covered_lines": 0, "num_statements": 10, "percent_covered": 0.0, "percent_covered_display": "0", "missing_lines": 10, "excluded_lines": 0}, "missing_lines": [165, 166, 167, 168, 169, 171, 172, 173, 174, 175], "excluded_lines": []}, "CustomLogger.set_log_file_uri": {"executed_lines": [], "summary": {"covered_lines": 0, "num_statements": 2, "percent_covered": 0.0, "percent_covered_display": "0", "missing_lines": 2, "excluded_lines": 0}, "missing_lines": [178, 179], "excluded_lines": []}, "get_logger": {"executed_lines": [214, 215, 217, 221, 222, 225, 226, 229, 235], "summary": {"covered_lines": 9, "num_statements": 12, "percent_covered": 75.0, "percent_covered_display": "75", "missing_lines": 3, "excluded_lines": 0}, "missing_lines": [219, 220, 230], "excluded_lines": []}, "critical": {"executed_lines": [], "summary": {"covered_lines": 0, "num_statements": 2, "percent_covered": 0.0, "percent_covered_display": "0", "missing_lines": 2, "excluded_lines": 0}, "missing_lines": [242, 243], "excluded_lines": []}, "general_callback": {"executed_lines": [], "summary": {"covered_lines": 0, "num_statements": 9, "percent_covered": 0.0, "percent_covered_display": "0", "missing_lines": 9, "excluded_lines": 0}, "missing_lines": [257, 258, 259, 261, 264, 265, 266, 267, 268], "excluded_lines": []}, "delete_path_at_exit": {"executed_lines": [], "summary": {"covered_lines": 0, "num_statements": 6, "percent_covered": 0.0, "percent_covered_display": "0", "missing_lines": 6, "excluded_lines": 0}, "missing_lines": [271, 272, 273, 274, 275, 277], "excluded_lines": []}, "get_global_geotransform_from_resolution": {"executed_lines": [284], "summary": {"covered_lines": 1, "num_statements": 1, "percent_covered": 100.0, "percent_covered_display": "100", "missing_lines": 0, "excluded_lines": 0}, "missing_lines": [], "excluded_lines": []}, "": {"executed_lines": [3, 4, 5, 6, 7, 9, 12, 23, 24, 25, 26, 29, 30, 31, 32, 33, 34, 35, 36, 37, 38, 39, 40, 41, 42, 43, 76, 77, 78, 79, 80, 81, 84, 85, 88, 89, 95, 98, 103, 109, 117, 142, 164, 177, 181, 182, 183, 185, 187, 189, 191, 192, 194, 196, 211, 237, 245, 251, 252, 255, 270, 283, 286, 290, 296, 298, 308, 309, 310, 311, 312, 313, 314, 315, 317, 318, 319, 320, 321, 322, 323, 324, 326, 343, 370, 371, 372, 373, 374, 375, 376, 377, 378, 379, 380, 381, 382, 383, 384, 385, 386, 387, 388, 389, 391, 394, 395], "summary": {"covered_lines": 107, "num_statements": 130, "percent_covered": 82.3076923076923, "percent_covered_display": "82", "missing_lines": 23, "excluded_lines": 0}, "missing_lines": [45, 46, 47, 48, 49, 51, 53, 54, 56, 58, 59, 60, 61, 65, 66, 68, 69, 71, 72, 246, 247, 248, 249], "excluded_lines": []}}, "classes": {"CustomLogger": {"executed_lines": [90, 91, 92, 93], "summary": {"covered_lines": 4, "num_statements": 61, "percent_covered": 6.557377049180328, "percent_covered_display": "7", "missing_lines": 57, "excluded_lines": 0}, "missing_lines": [96, 100, 101, 104, 105, 106, 107, 110, 111, 112, 113, 114, 115, 119, 120, 121, 122, 123, 125, 126, 128, 129, 130, 131, 133, 135, 137, 138, 140, 143, 144, 145, 146, 148, 150, 151, 152, 153, 154, 155, 157, 158, 160, 161, 162, 165, 166, 167, 168, 169, 171, 172, 173, 174, 175, 178, 179], "excluded_lines": []}, "": {"executed_lines": [3, 4, 5, 6, 7, 9, 12, 14, 15, 16, 17, 18, 19, 21, 23, 24, 25, 26, 29, 30, 31, 32, 33, 34, 35, 36, 37, 38, 39, 40, 41, 42, 43, 76, 77, 78, 79, 80, 81, 84, 85, 88, 89, 95, 98, 103, 109, 117, 142, 164, 177, 181, 182, 183, 185, 187, 189, 191, 192, 194, 196, 211, 214, 215, 217, 221, 222, 225, 226, 229, 235, 237, 245, 251, 252, 255, 270, 283, 284, 286, 290, 296, 298, 308, 309, 310, 311, 312, 313, 314, 315, 317, 318, 319, 320, 321, 322, 323, 324, 326, 343, 370, 371, 372, 373, 374, 375, 376, 377, 378, 379, 380, 381, 382, 383, 384, 385, 386, 387, 388, 389, 391, 394, 395], "summary": {"covered_lines": 124, "num_statements": 167, "percent_covered": 74.25149700598803, "percent_covered_display": "74", "missing_lines": 43, "excluded_lines": 0}, "missing_lines": [45, 46, 47, 48, 49, 51, 53, 54, 56, 58, 59, 60, 61, 65, 66, 68, 69, 71, 72, 219, 220, 230, 242, 243, 246, 247, 248, 249, 257, 258, 259, 261, 264, 265, 266, 267, 268, 271, 272, 273, 274, 275, 277], "excluded_lines": []}}}, "/Users/lucasralph/Dev/LJR_dev/UMN/hazelbean_dev/hazelbean/conventions.py": {"executed_lines": [], "summary": {"covered_lines": 0, "num_statements": 94, "percent_covered": 0.0, "percent_covered_display": "0", "missing_lines": 94, "excluded_lines": 0}, "missing_lines": [3, 4, 5, 6, 7, 8, 9, 10, 11, 12, 13, 14, 15, 16, 17, 18, 19, 20, 21, 22, 23, 24, 25, 26, 27, 28, 29, 30, 31, 32, 33, 34, 35, 36, 37, 38, 39, 40, 41, 42, 43, 44, 45, 46, 47, 48, 49, 50, 51, 52, 53, 54, 55, 56, 57, 58, 59, 60, 61, 62, 63, 64, 65, 66, 67, 68, 69, 70, 71, 72, 73, 74, 75, 76, 77, 78, 79, 80, 81, 82, 83, 84, 85, 86, 87, 88, 89, 90, 91, 92, 93, 94, 95, 96], "excluded_lines": [], "functions": {"": {"executed_lines": [], "summary": {"covered_lines": 0, "num_statements": 94, "percent_covered": 0.0, "percent_covered_display": "0", "missing_lines": 94, "excluded_lines": 0}, "missing_lines": [3, 4, 5, 6, 7, 8, 9, 10, 11, 12, 13, 14, 15, 16, 17, 18, 19, 20, 21, 22, 23, 24, 25, 26, 27, 28, 29, 30, 31, 32, 33, 34, 35, 36, 37, 38, 39, 40, 41, 42, 43, 44, 45, 46, 47, 48, 49, 50, 51, 52, 53, 54, 55, 56, 57, 58, 59, 60, 61, 62, 63, 64, 65, 66, 67, 68, 69, 70, 71, 72, 73, 74, 75, 76, 77, 78, 79, 80, 81, 82, 83, 84, 85, 86, 87, 88, 89, 90, 91, 92, 93, 94, 95, 96], "excluded_lines": []}}, "classes": {"": {"executed_lines": [], "summary": {"covered_lines": 0, "num_statements": 94, "percent_covered": 0.0, "percent_covered_display": "0", "missing_lines": 94, "excluded_lines": 0}, "missing_lines": [3, 4, 5, 6, 7, 8, 9, 10, 11, 12, 13, 14, 15, 16, 17, 18, 19, 20, 21, 22, 23, 24, 25, 26, 27, 28, 29, 30, 31, 32, 33, 34, 35, 36, 37, 38, 39, 40, 41, 42, 43, 44, 45, 46, 47, 48, 49, 50, 51, 52, 53, 54, 55, 56, 57, 58, 59, 60, 61, 62, 63, 64, 65, 66, 67, 68, 69, 70, 71, 72, 73, 74, 75, 76, 77, 78, 79, 80, 81, 82, 83, 84, 85, 86, 87, 88, 89, 90, 91, 92, 93, 94, 95, 96], "excluded_lines": []}}}, "/Users/lucasralph/Dev/LJR_dev/UMN/hazelbean_dev/hazelbean/core.py": {"executed_lines": [1, 2, 3, 5, 7, 8, 11, 12, 14, 16, 17, 19, 21, 54, 76, 79, 82, 94, 104, 115, 138, 141, 146, 148, 149, 152, 154, 160, 161, 171, 173, 177, 184, 185, 186, 187, 188, 189, 191, 192, 200, 203, 232, 235, 247, 248, 250, 251, 252, 256, 257, 260, 261, 262, 265, 268, 270, 271, 273, 285, 314, 327, 329, 330, 332, 333, 334, 337, 338, 341, 344, 345, 346, 348, 353, 354, 355, 356], "summary": {"covered_lines": 78, "num_statements": 225, "percent_covered": 34.666666666666664, "percent_covered_display": "35", "missing_lines": 147, "excluded_lines": 0}, "missing_lines": [9, 15, 55, 56, 59, 60, 61, 62, 63, 64, 65, 66, 73, 77, 80, 84, 85, 86, 87, 88, 90, 91, 92, 96, 97, 98, 99, 100, 102, 107, 108, 109, 110, 111, 112, 113, 118, 119, 120, 121, 122, 123, 124, 125, 127, 128, 129, 130, 131, 132, 134, 135, 136, 139, 150, 155, 156, 157, 158, 159, 162, 163, 164, 165, 167, 168, 169, 172, 178, 179, 180, 181, 182, 194, 195, 196, 197, 198, 201, 207, 208, 209, 210, 211, 212, 214, 215, 216, 217, 218, 220, 221, 222, 223, 224, 225, 226, 227, 228, 229, 230, 233, 236, 237, 238, 239, 240, 242, 243, 245, 249, 259, 274, 275, 276, 278, 279, 281, 282, 287, 288, 289, 290, 291, 292, 293, 295, 297, 298, 299, 300, 301, 302, 303, 304, 305, 306, 307, 308, 309, 310, 331, 335, 342, 357, 360, 362], "excluded_lines": [], "functions": {"timer": {"executed_lines": [8, 11, 12, 14, 16, 17, 19], "summary": {"covered_lines": 7, "num_statements": 9, "percent_covered": 77.77777777777777, "percent_covered_display": "78", "missing_lines": 2, "excluded_lines": 0}, "missing_lines": [9, 15], "excluded_lines": []}, "path_split_at_dir": {"executed_lines": [], "summary": {"covered_lines": 0, "num_statements": 11, "percent_covered": 0.0, "percent_covered_display": "0", "missing_lines": 11, "excluded_lines": 0}, "missing_lines": [55, 56, 59, 60, 61, 62, 63, 64, 65, 66, 73], "excluded_lines": []}, "get_path_before_dir": {"executed_lines": [], "summary": {"covered_lines": 0, "num_statements": 1, "percent_covered": 0.0, "percent_covered_display": "0", "missing_lines": 1, "excluded_lines": 0}, "missing_lines": [77], "excluded_lines": []}, "get_path_after_dir": {"executed_lines": [], "summary": {"covered_lines": 0, "num_statements": 1, "percent_covered": 0.0, "percent_covered_display": "0", "missing_lines": 1, "excluded_lines": 0}, "missing_lines": [80], "excluded_lines": []}, "replace_path_with_exsting_in_dir": {"executed_lines": [], "summary": {"covered_lines": 0, "num_statements": 8, "percent_covered": 0.0, "percent_covered_display": "0", "missing_lines": 8, "excluded_lines": 0}, "missing_lines": [84, 85, 86, 87, 88, 90, 91, 92], "excluded_lines": []}, "split_assume_two": {"executed_lines": [], "summary": {"covered_lines": 0, "num_statements": 6, "percent_covered": 0.0, "percent_covered_display": "0", "missing_lines": 6, "excluded_lines": 0}, "missing_lines": [96, 97, 98, 99, 100, 102], "excluded_lines": []}, "path_join": {"executed_lines": [], "summary": {"covered_lines": 0, "num_statements": 7, "percent_covered": 0.0, "percent_covered_display": "0", "missing_lines": 7, "excluded_lines": 0}, "missing_lines": [107, 108, 109, 110, 111, 112, 113], "excluded_lines": []}, "path_needs_rerender": {"executed_lines": [], "summary": {"covered_lines": 0, "num_statements": 17, "percent_covered": 0.0, "percent_covered_display": "0", "missing_lines": 17, "excluded_lines": 0}, "missing_lines": [118, 119, 120, 121, 122, 123, 124, 125, 127, 128, 129, 130, 131, 132, 134, 135, 136], "excluded_lines": []}, "path_assert_exists": {"executed_lines": [], "summary": {"covered_lines": 0, "num_statements": 1, "percent_covered": 0.0, "percent_covered_display": "0", "missing_lines": 1, "excluded_lines": 0}, "missing_lines": [139], "excluded_lines": []}, "path_exists": {"executed_lines": [146, 148, 149, 152, 154, 160, 161, 171, 173, 177, 184, 185, 186, 187, 188, 189, 191, 192, 200, 203], "summary": {"covered_lines": 20, "num_statements": 67, "percent_covered": 29.850746268656717, "percent_covered_display": "30", "missing_lines": 47, "excluded_lines": 0}, "missing_lines": [150, 155, 156, 157, 158, 159, 162, 163, 164, 165, 167, 168, 169, 172, 178, 179, 180, 181, 182, 194, 195, 196, 197, 198, 201, 207, 208, 209, 210, 211, 212, 214, 215, 216, 217, 218, 220, 221, 222, 223, 224, 225, 226, 227, 228, 229, 230], "excluded_lines": []}, "path_has_content": {"executed_lines": [], "summary": {"covered_lines": 0, "num_statements": 1, "percent_covered": 0.0, "percent_covered_display": "0", "missing_lines": 1, "excluded_lines": 0}, "missing_lines": [233], "excluded_lines": []}, "path_all_exist": {"executed_lines": [], "summary": {"covered_lines": 0, "num_statements": 8, "percent_covered": 0.0, "percent_covered_display": "0", "missing_lines": 8, "excluded_lines": 0}, "missing_lines": [236, 237, 238, 239, 240, 242, 243, 245], "excluded_lines": []}, "path_standardize_separators": {"executed_lines": [248, 250, 251, 252], "summary": {"covered_lines": 4, "num_statements": 5, "percent_covered": 80.0, "percent_covered_display": "80", "missing_lines": 1, "excluded_lines": 0}, "missing_lines": [249], "excluded_lines": []}, "path_trisplit": {"executed_lines": [257, 260, 261, 262], "summary": {"covered_lines": 4, "num_statements": 5, "percent_covered": 80.0, "percent_covered_display": "80", "missing_lines": 1, "excluded_lines": 0}, "missing_lines": [259], "excluded_lines": []}, "path_file_root": {"executed_lines": [268], "summary": {"covered_lines": 1, "num_statements": 1, "percent_covered": 100.0, "percent_covered_display": "100", "missing_lines": 0, "excluded_lines": 0}, "missing_lines": [], "excluded_lines": []}, "file_root": {"executed_lines": [271], "summary": {"covered_lines": 1, "num_statements": 1, "percent_covered": 100.0, "percent_covered_display": "100", "missing_lines": 0, "excluded_lines": 0}, "missing_lines": [], "excluded_lines": []}, "path_print": {"executed_lines": [], "summary": {"covered_lines": 0, "num_statements": 7, "percent_covered": 0.0, "percent_covered_display": "0", "missing_lines": 7, "excluded_lines": 0}, "missing_lines": [274, 275, 276, 278, 279, 281, 282], "excluded_lines": []}, "pretty_time": {"executed_lines": [], "summary": {"covered_lines": 0, "num_statements": 22, "percent_covered": 0.0, "percent_covered_display": "0", "missing_lines": 22, "excluded_lines": 0}, "missing_lines": [287, 288, 289, 290, 291, 292, 293, 295, 297, 298, 299, 300, 301, 302, 303, 304, 305, 306, 307, 308, 309, 310], "excluded_lines": []}, "create_directories": {"executed_lines": [327, 329, 330, 332, 333, 334, 337, 338, 341, 344, 345, 346, 348, 353, 354, 355, 356], "summary": {"covered_lines": 17, "num_statements": 23, "percent_covered": 73.91304347826087, "percent_covered_display": "74", "missing_lines": 6, "excluded_lines": 0}, "missing_lines": [331, 335, 342, 357, 360, 362], "excluded_lines": []}, "": {"executed_lines": [1, 2, 3, 5, 7, 21, 54, 76, 79, 82, 94, 104, 115, 138, 141, 232, 235, 247, 256, 265, 270, 273, 285, 314], "summary": {"covered_lines": 24, "num_statements": 24, "percent_covered": 100.0, "percent_covered_display": "100", "missing_lines": 0, "excluded_lines": 0}, "missing_lines": [], "excluded_lines": []}}, "classes": {"": {"executed_lines": [1, 2, 3, 5, 7, 8, 11, 12, 14, 16, 17, 19, 21, 54, 76, 79, 82, 94, 104, 115, 138, 141, 146, 148, 149, 152, 154, 160, 161, 171, 173, 177, 184, 185, 186, 187, 188, 189, 191, 192, 200, 203, 232, 235, 247, 248, 250, 251, 252, 256, 257, 260, 261, 262, 265, 268, 270, 271, 273, 285, 314, 327, 329, 330, 332, 333, 334, 337, 338, 341, 344, 345, 346, 348, 353, 354, 355, 356], "summary": {"covered_lines": 78, "num_statements": 225, "percent_covered": 34.666666666666664, "percent_covered_display": "35", "missing_lines": 147, "excluded_lines": 0}, "missing_lines": [9, 15, 55, 56, 59, 60, 61, 62, 63, 64, 65, 66, 73, 77, 80, 84, 85, 86, 87, 88, 90, 91, 92, 96, 97, 98, 99, 100, 102, 107, 108, 109, 110, 111, 112, 113, 118, 119, 120, 121, 122, 123, 124, 125, 127, 128, 129, 130, 131, 132, 134, 135, 136, 139, 150, 155, 156, 157, 158, 159, 162, 163, 164, 165, 167, 168, 169, 172, 178, 179, 180, 181, 182, 194, 195, 196, 197, 198, 201, 207, 208, 209, 210, 211, 212, 214, 215, 216, 217, 218, 220, 221, 222, 223, 224, 225, 226, 227, 228, 229, 230, 233, 236, 237, 238, 239, 240, 242, 243, 245, 249, 259, 274, 275, 276, 278, 279, 281, 282, 287, 288, 289, 290, 291, 292, 293, 295, 297, 298, 299, 300, 301, 302, 303, 304, 305, 306, 307, 308, 309, 310, 331, 335, 342, 357, 360, 362], "excluded_lines": []}}}, "/Users/lucasralph/Dev/LJR_dev/UMN/hazelbean_dev/hazelbean/data_structures.py": {"executed_lines": [], "summary": {"covered_lines": 0, "num_statements": 338, "percent_covered": 0.0, "percent_covered_display": "0", "missing_lines": 338, "excluded_lines": 0}, "missing_lines": [1, 2, 3, 4, 5, 6, 8, 10, 11, 12, 14, 15, 21, 28, 33, 34, 35, 36, 37, 38, 39, 41, 44, 45, 46, 47, 48, 49, 51, 54, 55, 56, 58, 59, 61, 62, 63, 64, 65, 66, 67, 69, 71, 72, 75, 84, 85, 86, 88, 89, 90, 91, 92, 94, 96, 100, 105, 106, 108, 109, 111, 112, 113, 114, 115, 116, 117, 118, 119, 120, 122, 124, 125, 126, 128, 130, 131, 132, 133, 135, 137, 138, 139, 140, 142, 144, 145, 147, 148, 150, 151, 152, 153, 154, 155, 156, 157, 158, 159, 160, 161, 162, 163, 164, 165, 166, 167, 168, 169, 170, 171, 172, 173, 174, 175, 176, 178, 179, 180, 181, 182, 183, 184, 185, 186, 187, 188, 189, 190, 191, 193, 194, 195, 196, 198, 199, 201, 204, 205, 206, 208, 209, 210, 211, 212, 213, 214, 216, 217, 219, 221, 232, 233, 235, 237, 239, 240, 241, 242, 243, 244, 245, 247, 248, 250, 251, 254, 255, 256, 257, 259, 261, 262, 264, 265, 266, 267, 268, 270, 271, 272, 273, 275, 278, 280, 283, 291, 292, 296, 297, 298, 299, 300, 301, 302, 303, 304, 305, 306, 307, 308, 310, 311, 312, 314, 315, 316, 317, 318, 319, 320, 321, 322, 323, 324, 325, 326, 328, 330, 331, 334, 335, 336, 338, 339, 340, 342, 343, 344, 346, 348, 349, 352, 353, 354, 355, 356, 357, 359, 360, 362, 363, 364, 365, 366, 367, 369, 370, 373, 374, 375, 376, 377, 378, 381, 382, 383, 384, 385, 387, 388, 389, 390, 391, 392, 393, 394, 397, 399, 400, 402, 403, 404, 405, 406, 407, 408, 409, 410, 411, 414, 415, 417, 418, 419, 421, 422, 423, 425, 427, 429, 431, 432, 433, 436, 444, 448, 449, 452, 453, 454, 455, 456, 457, 458, 459, 460, 461, 463, 464, 465, 466, 467, 468, 471, 472, 473, 474, 476, 477, 478, 481, 482, 484, 485, 486, 489, 490, 492, 493, 495, 497, 498, 499, 500, 502, 505, 506], "excluded_lines": [], "functions": {"xls_to_csv": {"executed_lines": [], "summary": {"covered_lines": 0, "num_statements": 13, "percent_covered": 0.0, "percent_covered_display": "0", "missing_lines": 13, "excluded_lines": 0}, "missing_lines": [34, 35, 36, 37, 38, 39, 41, 44, 45, 46, 47, 48, 49], "excluded_lines": []}, "crop_csv_to_rect": {"executed_lines": [], "summary": {"covered_lines": 0, "num_statements": 15, "percent_covered": 0.0, "percent_covered_display": "0", "missing_lines": 15, "excluded_lines": 0}, "missing_lines": [54, 55, 56, 58, 59, 61, 62, 63, 64, 65, 66, 67, 69, 71, 72], "excluded_lines": []}, "get_strings_between_values": {"executed_lines": [], "summary": {"covered_lines": 0, "num_statements": 10, "percent_covered": 0.0, "percent_covered_display": "0", "missing_lines": 10, "excluded_lines": 0}, "missing_lines": [84, 85, 86, 88, 89, 90, 91, 92, 94, 96], "excluded_lines": []}, "file_to_python_object": {"executed_lines": [], "summary": {"covered_lines": 0, "num_statements": 85, "percent_covered": 0.0, "percent_covered_display": "0", "missing_lines": 85, "excluded_lines": 0}, "missing_lines": [105, 106, 108, 109, 111, 122, 124, 125, 126, 128, 130, 131, 132, 133, 135, 137, 138, 139, 140, 142, 144, 145, 147, 148, 150, 151, 152, 153, 154, 155, 156, 157, 158, 159, 160, 161, 162, 163, 164, 165, 166, 167, 168, 169, 170, 171, 172, 173, 174, 175, 176, 178, 179, 180, 181, 182, 183, 184, 185, 186, 187, 188, 189, 190, 191, 193, 194, 195, 196, 198, 199, 201, 204, 205, 206, 208, 209, 210, 211, 212, 213, 214, 216, 217, 219], "excluded_lines": []}, "file_to_python_object.cast_type": {"executed_lines": [], "summary": {"covered_lines": 0, "num_statements": 9, "percent_covered": 0.0, "percent_covered_display": "0", "missing_lines": 9, "excluded_lines": 0}, "missing_lines": [112, 113, 114, 115, 116, 117, 118, 119, 120], "excluded_lines": []}, "determine_data_type_and_dimensions_from_uri": {"executed_lines": [], "summary": {"covered_lines": 0, "num_statements": 34, "percent_covered": 0.0, "percent_covered_display": "0", "missing_lines": 34, "excluded_lines": 0}, "missing_lines": [232, 233, 235, 237, 239, 240, 241, 242, 243, 244, 245, 247, 248, 250, 251, 254, 255, 256, 257, 259, 261, 262, 264, 265, 266, 267, 268, 270, 271, 272, 273, 275, 278, 280], "excluded_lines": []}, "determine_data_type_and_dimensions_from_object": {"executed_lines": [], "summary": {"covered_lines": 0, "num_statements": 34, "percent_covered": 0.0, "percent_covered_display": "0", "missing_lines": 34, "excluded_lines": 0}, "missing_lines": [291, 292, 296, 297, 298, 299, 300, 301, 302, 303, 304, 305, 306, 307, 308, 310, 311, 312, 314, 315, 316, 317, 318, 319, 320, 321, 322, 323, 324, 325, 326, 328, 330, 331], "excluded_lines": []}, "python_object_to_csv": {"executed_lines": [], "summary": {"covered_lines": 0, "num_statements": 73, "percent_covered": 0.0, "percent_covered_display": "0", "missing_lines": 73, "excluded_lines": 0}, "missing_lines": [335, 336, 338, 339, 340, 342, 343, 344, 346, 348, 349, 352, 353, 354, 355, 356, 357, 359, 360, 362, 363, 364, 365, 366, 367, 369, 370, 373, 374, 375, 376, 377, 378, 381, 382, 383, 384, 385, 387, 388, 389, 390, 391, 392, 393, 394, 397, 399, 400, 402, 403, 404, 405, 406, 407, 408, 409, 410, 411, 414, 415, 417, 418, 419, 421, 422, 423, 425, 427, 429, 431, 432, 433], "excluded_lines": []}, "determine_data_type_and_dimensions_for_write": {"executed_lines": [], "summary": {"covered_lines": 0, "num_statements": 28, "percent_covered": 0.0, "percent_covered_display": "0", "missing_lines": 28, "excluded_lines": 0}, "missing_lines": [444, 448, 449, 452, 453, 454, 455, 456, 457, 458, 459, 460, 461, 463, 464, 465, 466, 467, 468, 471, 472, 473, 474, 476, 477, 478, 481, 482], "excluded_lines": []}, "comma_linebreak_string_to_2d_array": {"executed_lines": [], "summary": {"covered_lines": 0, "num_statements": 12, "percent_covered": 0.0, "percent_covered_display": "0", "missing_lines": 12, "excluded_lines": 0}, "missing_lines": [485, 486, 489, 490, 492, 493, 495, 497, 498, 499, 500, 502], "excluded_lines": []}, "": {"executed_lines": [], "summary": {"covered_lines": 0, "num_statements": 25, "percent_covered": 0.0, "percent_covered_display": "0", "missing_lines": 25, "excluded_lines": 0}, "missing_lines": [1, 2, 3, 4, 5, 6, 8, 10, 11, 12, 14, 15, 21, 28, 33, 51, 75, 100, 221, 283, 334, 436, 484, 505, 506], "excluded_lines": []}}, "classes": {"": {"executed_lines": [], "summary": {"covered_lines": 0, "num_statements": 338, "percent_covered": 0.0, "percent_covered_display": "0", "missing_lines": 338, "excluded_lines": 0}, "missing_lines": [1, 2, 3, 4, 5, 6, 8, 10, 11, 12, 14, 15, 21, 28, 33, 34, 35, 36, 37, 38, 39, 41, 44, 45, 46, 47, 48, 49, 51, 54, 55, 56, 58, 59, 61, 62, 63, 64, 65, 66, 67, 69, 71, 72, 75, 84, 85, 86, 88, 89, 90, 91, 92, 94, 96, 100, 105, 106, 108, 109, 111, 112, 113, 114, 115, 116, 117, 118, 119, 120, 122, 124, 125, 126, 128, 130, 131, 132, 133, 135, 137, 138, 139, 140, 142, 144, 145, 147, 148, 150, 151, 152, 153, 154, 155, 156, 157, 158, 159, 160, 161, 162, 163, 164, 165, 166, 167, 168, 169, 170, 171, 172, 173, 174, 175, 176, 178, 179, 180, 181, 182, 183, 184, 185, 186, 187, 188, 189, 190, 191, 193, 194, 195, 196, 198, 199, 201, 204, 205, 206, 208, 209, 210, 211, 212, 213, 214, 216, 217, 219, 221, 232, 233, 235, 237, 239, 240, 241, 242, 243, 244, 245, 247, 248, 250, 251, 254, 255, 256, 257, 259, 261, 262, 264, 265, 266, 267, 268, 270, 271, 272, 273, 275, 278, 280, 283, 291, 292, 296, 297, 298, 299, 300, 301, 302, 303, 304, 305, 306, 307, 308, 310, 311, 312, 314, 315, 316, 317, 318, 319, 320, 321, 322, 323, 324, 325, 326, 328, 330, 331, 334, 335, 336, 338, 339, 340, 342, 343, 344, 346, 348, 349, 352, 353, 354, 355, 356, 357, 359, 360, 362, 363, 364, 365, 366, 367, 369, 370, 373, 374, 375, 376, 377, 378, 381, 382, 383, 384, 385, 387, 388, 389, 390, 391, 392, 393, 394, 397, 399, 400, 402, 403, 404, 405, 406, 407, 408, 409, 410, 411, 414, 415, 417, 418, 419, 421, 422, 423, 425, 427, 429, 431, 432, 433, 436, 444, 448, 449, 452, 453, 454, 455, 456, 457, 458, 459, 460, 461, 463, 464, 465, 466, 467, 468, 471, 472, 473, 474, 476, 477, 478, 481, 482, 484, 485, 486, 489, 490, 492, 493, 495, 497, 498, 499, 500, 502, 505, 506], "excluded_lines": []}}}, "/Users/lucasralph/Dev/LJR_dev/UMN/hazelbean_dev/hazelbean/file_io.py": {"executed_lines": [1, 2, 3, 4, 5, 6, 7, 8, 9, 10, 11, 18, 24, 26, 45, 65, 89, 119, 251, 255, 322, 372, 376, 377, 378, 379, 380, 381, 382, 383, 385, 387, 391, 392, 393, 394, 395, 396, 397, 399, 402, 551, 599, 601, 602, 605, 606, 608, 609, 613, 614, 615, 616, 618, 620, 647, 722, 751, 762, 790, 822, 946, 985, 1177], "summary": {"covered_lines": 64, "num_statements": 726, "percent_covered": 8.81542699724518, "percent_covered_display": "9", "missing_lines": 662, "excluded_lines": 0}, "missing_lines": [27, 28, 29, 30, 31, 32, 34, 37, 38, 39, 40, 41, 42, 46, 47,
[...]
1359, 1360, 1361, 1363, 1364, 1366, 1367, 1370, 1371, 1372, 1373, 1374, 1375, 1376, 1378, 1379, 1382, 1383, 1384, 1385, 1388, 1389, 1390, 1391, 1395, 1396, 1398, 1401, 1402, 1403, 1405, 1406, 1407, 1409, 1411, 1412, 1414, 1415, 1416, 1417, 1420, 1421, 1423, 1424, 1426, 1427, 1429, 1430, 1432, 1434, 1435, 1436, 1438, 1439, 1454, 1455, 1457, 1460, 1461, 1462, 1463, 1464, 1466, 1468, 1469, 1471], "excluded_lines": [], "functions": {"LULC_ESA.id": {"executed_lines": [], "summary": {"covered_lines": 0, "num_statements": 1, "percent_covered": 0.0, "percent_covered_display": "0", "missing_lines": 1, "excluded_lines": 0}, "missing_lines": [123], "excluded_lines": []}, "LULC_ESA.color": {"executed_lines": [127], "summary": {"covered_lines": 1, "num_statements": 1, "percent_covered": 100.0, "percent_covered_display": "100", "missing_lines": 0, "excluded_lines": 0}, "missing_lines": [], "excluded_lines": []}, "LULC_SENTINEL.id": {"executed_lines": [], "summary": {"covered_lines": 0, "num_statements": 1, "percent_covered": 0.0, "percent_covered_display": "0", "missing_lines": 1, "excluded_lines": 0}, "missing_lines": [147], "excluded_lines": []}, "LULC_SENTINEL.color": {"executed_lines": [151], "summary": {"covered_lines": 1, "num_statements": 1, "percent_covered": 100.0, "percent_covered_display": "100", "missing_lines": 0, "excluded_lines": 0}, "missing_lines": [], "excluded_lines": []}, "plot_polygon_collection": {"executed_lines": [], "summary": {"covered_lines": 0, "num_statements": 20, "percent_covered": 0.0, "percent_covered_display": "0", "missing_lines": 20, "excluded_lines": 0}, "missing_lines": [186, 187, 189, 190, 191, 193, 194, 197, 198, 201, 203, 204, 206, 209, 210, 211, 212, 214, 215, 216], "excluded_lines": []}, "plot_list": {"executed_lines": [], "summary": {"covered_lines": 0, "num_statements": 1, "percent_covered": 0.0, "percent_covered_display": "0", "missing_lines": 1, "excluded_lines": 0}, "missing_lines": [220], "excluded_lines": []}, "show": {"executed_lines": [], "summary": {"covered_lines": 0, "num_statements": 20, "percent_covered": 0.0, "percent_covered_display": "0", "missing_lines": 20, "excluded_lines": 0}, "missing_lines": [228, 229, 230, 231, 232, 233, 234, 235, 237, 238, 240, 241, 242, 243, 244, 245, 246, 247, 249, 251], "excluded_lines": []}, "show_array": {"executed_lines": [], "summary": {"covered_lines": 0, "num_statements": 1, "percent_covered": 0.0, "percent_covered_display": "0", "missing_lines": 1, "excluded_lines": 0}, "missing_lines": [262], "excluded_lines": []}, "simple_show_array": {"executed_lines": [], "summary": {"covered_lines": 0, "num_statements": 5, "percent_covered": 0.0, "percent_covered_display": "0", "missing_lines": 5, "excluded_lines": 0}, "missing_lines": [265, 266, 267, 268, 269], "excluded_lines": []}, "simple_show_arra_at_exity": {"executed_lines": [], "summary": {"covered_lines": 0, "num_statements": 5, "percent_covered": 0.0, "percent_covered_display": "0", "missing_lines": 5, "excluded_lines": 0}, "missing_lines": [272, 273, 274, 275, 276], "excluded_lines": []}, "plot_array": {"executed_lines": [], "summary": {"covered_lines": 0, "num_statements": 139, "percent_covered": 0.0, "percent_covered_display": "0", "missing_lines": 139, "excluded_lines": 0}, "missing_lines": [295, 298, 299, 300, 301, 302, 303, 304, 305, 307, 308, 309, 311, 312, 314, 315, 316, 317, 318, 319, 320, 322, 323, 324, 325, 326, 327, 331, 332, 333, 335, 338, 339, 340, 341, 342, 344, 346, 347, 348, 349, 350, 351, 354, 357, 358, 359, 362, 363, 365, 367, 368, 369, 371, 372, 373, 375, 376, 377, 378, 379, 381, 382, 383, 384, 385, 387, 388, 391, 392, 393, 395, 396, 397, 399, 400, 403, 404, 406, 408, 409, 410, 411, 413, 414, 415, 416, 418, 419, 420, 421, 422, 423, 424, 427, 428, 429, 430, 432, 433, 434, 435, 438, 439, 441, 444, 447, 449, 450, 451, 452, 453, 454, 457, 459, 461, 464, 466, 467, 469, 470, 493, 495, 496, 500, 502, 504, 506, 507, 508, 509, 511, 512, 515, 516, 517, 518, 519, 521], "excluded_lines": []}, "full_show_array": {"executed_lines": [], "summary": {"covered_lines": 0, "num_statements": 259, "percent_covered": 0.0, "percent_covered_display": "0", "missing_lines": 259, "excluded_lines": 0}, "missing_lines": [525, 527, 528, 531, 532, 533, 534, 535, 536, 537, 538, 540, 541, 543, 544, 547, 548, 550, 556, 557, 558, 560, 563, 564, 567, 569, 571, 573, 574, 575, 576, 577, 578, 579, 580, 581, 582, 583, 584, 585, 586, 587, 588, 590, 593, 594, 595, 596, 597, 598, 599, 600, 602, 603, 608, 609, 611, 614, 619, 626, 629, 631, 632, 633, 635, 636, 637, 639, 641, 642, 643, 644, 645, 646, 647, 650, 651, 652, 653, 654, 655, 657, 660, 661, 662, 663, 664, 666, 668, 669, 670, 671, 672, 673, 676, 679, 681, 682, 683, 684, 685, 686, 687, 688, 689, 690, 691, 692, 693, 694, 695, 696, 697, 698, 699, 700, 701, 702, 703, 704, 705, 706, 707, 708, 709, 710, 711, 712, 713, 714, 715, 717, 718, 721, 734, 750, 761, 762, 768, 769, 770, 771, 772, 773, 774, 776, 783, 784, 785, 786, 787, 788, 789, 790, 792, 793, 795, 798, 799, 827, 828, 829, 831, 832, 833, 834, 835, 837, 838, 839, 840, 841, 843, 844, 847, 848, 849, 851, 852, 853, 855, 856, 859, 860, 862, 864, 865, 866, 867, 869, 870, 871, 872, 874, 875, 876, 877, 878, 879, 880, 883, 884, 885, 886, 888, 889, 890, 891, 894, 896, 897, 902, 935, 937, 939, 940, 941, 942, 944, 945, 947, 948, 950, 951, 952, 954, 955, 956, 957, 960, 961, 963, 965, 966, 968, 969, 971, 972, 974, 975, 977, 978, 979, 980, 981, 983, 984, 985, 986, 987, 988, 989, 990, 991, 992, 993, 994, 996, 1000], "excluded_lines": []}, "full_show_array.convert_bounding_box_proportion_to_array_slice_indices": {"executed_lines": [], "summary": {"covered_lines": 0, "num_statements": 7, "percent_covered": 0.0, "percent_covered_display": "0", "missing_lines": 7, "excluded_lines": 0}, "missing_lines": [722, 724, 725, 726, 727, 730, 732], "excluded_lines": []}, "full_show_array.convert_bounding_box_proportion_to_lat_lon": {"executed_lines": [], "summary": {"covered_lines": 0, "num_statements": 11, "percent_covered": 0.0, "percent_covered_display": "0", "missing_lines": 11, "excluded_lines": 0}, "missing_lines": [735, 737, 738, 739, 740, 742, 743, 744, 745, 747, 748], "excluded_lines": []}, "plot_at_exit": {"executed_lines": [], "summary": {"covered_lines": 0, "num_statements": 1, "percent_covered": 0.0, "percent_covered_display": "0", "missing_lines": 1, "excluded_lines": 0}, "missing_lines": [1004], "excluded_lines": []}, "do_plot_at_exit": {"executed_lines": [], "summary": {"covered_lines": 0, "num_statements": 2, "percent_covered": 0.0, "percent_covered_display": "0", "missing_lines": 2, "excluded_lines": 0}, "missing_lines": [1007, 1008], "excluded_lines": []}, "generate_custom_colorbar": {"executed_lines": [], "summary": {"covered_lines": 0, "num_statements": 110, "percent_covered": 0.0, "percent_covered_display": "0", "missing_lines": 110, "excluded_lines": 0}, "missing_lines": [1016, 1017, 1018, 1019, 1020, 1021, 1022, 1023, 1024, 1025, 1027, 1028, 1029, 1030, 1032, 1033, 1035, 1036, 1037, 1038, 1039, 1040, 1041, 1042, 1044, 1045, 1047, 1049, 1051, 1052, 1053, 1055, 1056, 1057, 1059, 1061, 1062, 1064, 1066, 1067, 1068, 1069, 1070, 1072, 1074, 1075, 1076, 1078, 1080, 1082, 1083, 1084, 1085, 1086, 1087, 1088, 1090, 1091, 1092, 1095, 1096, 1098, 1099, 1100, 1102, 1103, 1104, 1106, 1108, 1110, 1111, 1112, 1113, 1114, 1115, 1116, 1118, 1119, 1120, 1123, 1124, 1126, 1127, 1128, 1131, 1133, 1135, 1137, 1139, 1142, 1145, 1146, 1147, 1148, 1149, 1150, 1153, 1154, 1155, 1156, 1158, 1159, 1160, 1161, 1162, 1163, 1164, 1165, 1167, 1169], "excluded_lines": []}, "convert_rgb_string_to_cdict": {"executed_lines": [], "summary": {"covered_lines": 0, "num_statements": 58, "percent_covered": 0.0, "percent_covered_display": "0", "missing_lines": 58, "excluded_lines": 0}, "missing_lines": [1177, 1178, 1179, 1181, 1184, 1185, 1186, 1187, 1188, 1189, 1192, 1193, 1194, 1195, 1196, 1198, 1199, 1200, 1202, 1203, 1204, 1205, 1206, 1207, 1208, 1209, 1210, 1211, 1212, 1213, 1214, 1215, 1217, 1218, 1219, 1221, 1222, 1223, 1224, 1225, 1227, 1228, 1229, 1230, 1231, 1232, 1233, 1234, 1236, 1237, 1238, 1240, 1241, 1242, 1244, 1245, 1246, 1248], "excluded_lines": []}, "plot_bar_graph": {"executed_lines": [], "summary": {"covered_lines": 0, "num_statements": 18, "percent_covered": 0.0, "percent_covered_display": "0", "missing_lines": 18, "excluded_lines": 0}, "missing_lines": [1252, 1262, 1264, 1265, 1266, 1267, 1269, 1271, 1272, 1274, 1276, 1277, 1278, 1280, 1281, 1285, 1286, 1288], "excluded_lines": []}, "plot_bar_graph.autolabel": {"executed_lines": [], "summary": {"covered_lines": 0, "num_statements": 3, "percent_covered": 0.0, "percent_covered_display": "0", "missing_lines": 3, "excluded_lines": 0}, "missing_lines": [1256, 1257, 1258], "excluded_lines": []}, "plot_geodataframe_shapefile": {"executed_lines": [], "summary": {"covered_lines": 0, "num_statements": 67, "percent_covered": 0.0, "percent_covered_display": "0", "missing_lines": 67, "excluded_lines": 0}, "missing_lines": [1294, 1295, 1296, 1297, 1299, 1301, 1302, 1304, 1305, 1306, 1308, 1310, 1311, 1312, 1314, 1316, 1318, 1319, 1320, 1322, 1323, 1328, 1329, 1331, 1334, 1335, 1337, 1339, 1341, 1342, 1344, 1346, 1347, 1350, 1351, 1352, 1353, 1355, 1356, 1358, 1359, 1360, 1361, 1363, 1364, 1366, 1367, 1370, 1371, 1372, 1373, 1374, 1375, 1376, 1378, 1379, 1382, 1383, 1384, 1385, 1388, 1389, 1390, 1391, 1395, 1396, 1398], "excluded_lines": []}, "plot_categorized_raster": {"executed_lines": [], "summary": {"covered_lines": 0, "num_statements": 27, "percent_covered": 0.0, "percent_covered_display": "0", "missing_lines": 27, "excluded_lines": 0}, "missing_lines": [1401, 1402, 1403, 1405, 1406, 1407, 1409, 1411, 1412, 1414, 1415, 1416, 1417, 1420, 1421, 1423, 1424, 1426, 1427, 1429, 1430, 1432, 1434, 1435, 1436, 1438, 1439], "excluded_lines": []}, "_flatten_multi_geoms": {"executed_lines": [], "summary": {"covered_lines": 0, "num_statements": 12, "percent_covered": 0.0, "percent_covered_display": "0", "missing_lines": 12, "excluded_lines": 0}, "missing_lines": [1454, 1455, 1457, 1460, 1461, 1462, 1463, 1464, 1466, 1468, 1469, 1471], "excluded_lines": []}, "": {"executed_lines": [1, 2, 3, 4, 5, 6, 7, 8, 9, 10, 11, 12, 13, 15, 16, 17, 18, 19, 20, 21, 24, 26, 28, 29, 38, 43, 44, 45, 46, 47, 48, 49, 50, 51, 52, 53, 54, 55, 56, 58, 59, 60, 61, 62, 63, 64, 65, 66, 67, 68, 69, 70, 71, 72, 73, 74, 75, 76, 77, 78, 79, 80, 121, 122, 125, 126, 130, 131, 133, 134, 135, 136, 137, 138, 139, 140, 141, 142, 143, 145, 146, 149, 150, 153, 155, 156, 157, 158, 161, 219, 223, 254, 264, 271, 278, 524, 1003, 1006, 1009, 1012, 1172, 1251, 1291, 1400, 1441, 1475], "summary": {"covered_lines": 104, "num_statements": 104, "percent_covered": 100.0, "percent_covered_display": "100", "missing_lines": 0, "excluded_lines": 0}, "missing_lines": [], "excluded_lines": []}}, "classes": {"LULC_ESA": {"executed_lines": [127], "summary": {"covered_lines": 1, "num_statements": 2, "percent_covered": 50.0, "percent_covered_display": "50", "missing_lines": 1, "excluded_lines": 0}, "missing_lines": [123], "excluded_lines": []}, "LULC_SENTINEL": {"executed_lines": [151], "summary": {"covered_lines": 1, "num_statements": 2, "percent_covered": 50.0, "percent_covered_display": "50", "missing_lines": 1, "excluded_lines": 0}, "missing_lines": [147], "excluded_lines": []}, "": {"executed_lines": [1, 2, 3, 4, 5, 6, 7, 8, 9, 10, 11, 12, 13, 15, 16, 17, 18, 19, 20, 21, 24, 26, 28, 29, 38, 43, 44, 45, 46, 47, 48, 49, 50, 51, 52, 53, 54, 55, 56, 58, 59, 60, 61, 62, 63, 64, 65, 66, 67, 68, 69, 70, 71, 72, 73, 74, 75, 76, 77, 78, 79, 80, 121, 122, 125, 126, 130, 131, 133, 134, 135, 136, 137, 138, 139, 140, 141, 142, 143, 145, 146, 149, 150, 153, 155, 156, 157, 158, 161, 219, 223, 254, 264, 271, 278, 524, 1003, 1006, 1009, 1012, 1172, 1251, 1291, 1400, 1441, 1475], "summary": {"covered_lines": 104, "num_statements": 870, "percent_covered": 11.954022988505747, "percent_covered_display": "12", "missing_lines": 766, "excluded_lines": 0}, "missing_lines": [186, 187, 189, 190, 191, 193, 194, 197, 198, 201, 203, 204, 206, 209, 210, 211, 212, 214, 215, 216, 220, 228, 229, 230, 231, 232, 233, 234, 235, 237, 238, 240, 241, 242, 243, 244, 245, 246, 247, 249, 251, 262, 265, 266, 267, 268, 269, 272, 273, 274, 275, 276, 295, 298, 299, 300, 301, 302, 303, 304, 305, 307, 308, 309, 311, 312, 314, 315, 316, 317, 318, 319, 320, 322, 323, 324, 325, 326, 327, 331, 332, 333, 335, 338, 339, 340, 341, 342, 344, 346, 347, 348, 349, 350, 351, 354, 357, 358, 359, 362, 363, 365, 367, 368, 369, 371, 372, 373, 375, 376, 377, 378, 379, 381, 382, 383, 384, 385, 387, 388, 391, 392, 393, 395, 396, 397, 399, 400, 403, 404, 406, 408, 409, 410, 411, 413, 414, 415, 416, 418, 419, 420, 421, 422, 423, 424, 427, 428, 429, 430, 432, 433, 434, 435, 438, 439, 441, 444, 447, 449, 450, 451, 452, 453, 454, 457, 459, 461, 464, 466, 467, 469, 470, 493, 495, 496, 500, 502, 504, 506, 507, 508, 509, 511, 512, 515, 516, 517, 518, 519, 521, 525, 527, 528, 531, 532, 533, 534, 535, 536, 537, 538, 540, 541, 543, 544, 547, 548, 550, 556, 557, 558, 560, 563, 564, 567, 569, 571, 573, 574, 575, 576, 577, 578, 579, 580, 581, 582, 583, 584, 585, 586, 587, 588, 590, 593, 594, 595, 596, 597, 598, 599, 600, 602, 603, 608, 609, 611, 614, 619, 626, 629, 631, 632, 633, 635, 636, 637, 639, 641, 642, 643, 644, 645, 646, 647, 650, 651, 652, 653, 654, 655, 657, 660, 661, 662, 663, 664, 666, 668, 669, 670, 671, 672, 673, 676, 679, 681, 682, 683, 684, 685, 686, 687, 688, 689, 690, 691, 692, 693, 694, 695, 696, 697, 698, 699, 700, 701, 702, 703, 704, 705, 706, 707, 708, 709, 710, 711, 712, 713, 714, 715, 717, 718, 721, 722, 724, 725, 726, 727, 730, 732, 734, 735, 737, 738, 739, 740, 742, 743, 744, 745, 747, 748, 750, 761, 762, 768, 769, 770, 771, 772, 773, 774, 776, 783, 784, 785, 786, 787, 788, 789, 790, 792, 793, 795, 798, 799, 827, 828, 829, 831, 832, 833, 834, 835, 837, 838, 839, 840, 841, 843, 844, 847, 848, 849, 851, 852, 853, 855, 856, 859, 860, 862, 864, 865, 866, 867, 869, 870, 871, 872, 874, 875, 876, 877, 878, 879, 880, 883, 884, 885, 886, 888, 889, 890, 891, 894, 896, 897, 902, 935, 937, 939, 940, 941, 942, 944, 945, 947, 948, 950, 951, 952, 954, 955, 956, 957, 960, 961, 963, 965, 966, 968, 969, 971, 972, 974, 975, 977, 978, 979, 980, 981, 983, 984, 985, 986, 987, 988, 989, 990, 991, 992, 993, 994, 996, 1000, 1004, 1007, 1008, 1016, 1017, 1018, 1019, 1020, 1021, 1022, 1023, 1024, 1025, 1027, 1028, 1029, 1030, 1032, 1033, 1035, 1036, 1037, 1038, 1039, 1040, 1041, 1042, 1044, 1045, 1047, 1049, 1051, 1052, 1053, 1055, 1056, 1057, 1059, 1061, 1062, 1064, 1066, 1067, 1068, 1069, 1070, 1072, 1074, 1075, 1076, 1078, 1080, 1082, 1083, 1084, 1085, 1086, 1087, 1088, 1090, 1091, 1092, 1095, 1096, 1098, 1099, 1100, 1102, 1103, 1104, 1106, 1108, 1110, 1111, 1112, 1113, 1114, 1115, 1116, 1118, 1119, 1120, 1123, 1124, 1126, 1127, 1128, 1131, 1133, 1135, 1137, 1139, 1142, 1145, 1146, 1147, 1148, 1149, 1150, 1153, 1154, 1155, 1156, 1158, 1159, 1160, 1161, 1162, 1163, 1164, 1165, 1167, 1169, 1177, 1178, 1179, 1181, 1184, 1185, 1186, 1187, 1188, 1189, 1192, 1193, 1194, 1195, 1196, 1198, 1199, 1200, 1202, 1203, 1204, 1205, 1206, 1207, 1208, 1209, 1210, 1211, 1212, 1213, 1214, 1215, 1217, 1218, 1219, 1221, 1222, 1223, 1224, 1225, 1227, 1228, 1229, 1230, 1231, 1232, 1233, 1234, 1236, 1237, 1238, 1240, 1241, 1242, 1244, 1245, 1246, 1248, 1252, 1256, 1257, 1258, 1262, 1264, 1265, 1266, 1267, 1269, 1271, 1272, 1274, 1276, 1277, 1278, 1280, 1281, 1285, 1286, 1288, 1294, 1295, 1296, 1297, 1299, 1301, 1302, 1304, 1305, 1306, 1308, 1310, 1311, 1312, 1314, 1316, 1318, 1319, 1320, 1322, 1323, 1328, 1329, 1331, 1334, 1335, 1337, 1339, 1341, 1342, 1344, 1346, 1347, 1350, 1351, 1352, 1353, 1355, 1356, 1358, 1359, 1360, 1361, 1363, 1364, 1366, 1367, 1370, 1371, 1372, 1373, 1374, 1375, 1376, 1378, 1379, 1382, 1383, 1384, 1385, 1388, 1389, 1390, 1391, 1395, 1396, 1398, 1401, 1402, 1403, 1405, 1406, 1407, 1409, 1411, 1412, 1414, 1415, 1416, 1417, 1420, 1421, 1423, 1424, 1426, 1427, 1429, 1430, 1432, 1434, 1435, 1436, 1438, 1439, 1454, 1455, 1457, 1460, 1461, 1462, 1463, 1464, 1466, 1468, 1469, 1471], "excluded_lines": []}}}, "/Users/lucasralph/Dev/LJR_dev/UMN/hazelbean_dev/hazelbean/watershed_processing.py": {"executed_lines": [], "summary": {"covered_lines": 0, "num_statements": 119, "percent_covered": 0.0, "percent_covered_display": "0", "missing_lines": 119, "excluded_lines": 0}, "missing_lines": [1, 2, 3, 4, 5, 9, 10, 11, 12, 13, 15, 16, 18, 20, 21, 23, 25, 26, 28, 30, 31, 33, 36, 37, 38, 39, 40, 41, 42, 44, 45, 46, 47, 49, 50, 52, 53, 54, 55, 57, 58, 59, 60, 61, 62, 64, 65, 66, 67, 68, 72, 74, 79, 81, 84, 86, 87, 88, 89, 91, 102, 106, 107, 108, 110, 112, 114, 116, 117, 118, 119, 121, 122, 124, 125, 126, 127, 128, 130, 131, 132, 134, 136, 138, 143, 144, 146, 147, 148, 150, 151, 153, 154, 155, 156, 158, 159, 160, 161, 162, 166, 168, 173, 175, 179, 182, 183, 185, 187, 188, 190, 193, 196, 199, 200, 201, 203, 204, 205], "excluded_lines": [], "functions": {"merge_hydrosheds_data_by_tile_ids": {"executed_lines": [], "summary": {"covered_lines": 0, "num_statements": 49, "percent_covered": 0.0, "percent_covered_display": "0", "missing_lines": 49, "excluded_lines": 0}, "missing_lines": [10, 11, 12, 13, 15, 16, 18, 20, 21, 23, 25, 26, 28, 30, 31, 33, 36, 37, 38, 39, 40, 41, 42, 44, 45, 46, 47, 49, 50, 52, 53, 54, 55, 57, 58, 59, 60, 61, 62, 64, 65, 66, 67, 68, 72, 74, 79, 81, 84], "excluded_lines": []}, "clip_hydrosheds_dem_from_aoi": {"executed_lines": [], "summary": {"covered_lines": 0, "num_statements": 4, "percent_covered": 0.0, "percent_covered_display": "0", "missing_lines": 4, "excluded_lines": 0}, "missing_lines": [87, 88, 89, 91], "excluded_lines": []}, "get_tile_names_and_degrees_from_aoi": {"executed_lines": [], "summary": {"covered_lines": 0, "num_statements": 23, "percent_covered": 0.0, "percent_covered_display": "0", "missing_lines": 23, "excluded_lines": 0}, "missing_lines": [106, 107, 108, 110, 112, 114, 116, 117, 118, 119, 121, 122, 124, 125, 126, 127, 128, 130, 131, 132, 134, 136, 138], "excluded_lines": []}, "merge_hydrosheds_by_aoi": {"executed_lines": [], "summary": {"covered_lines": 0, "num_statements": 20, "percent_covered": 0.0, "percent_covered_display": "0", "missing_lines": 20, "excluded_lines": 0}, "missing_lines": [144, 146, 147, 148, 150, 151, 153, 154, 155, 156, 158, 159, 160, 161, 162, 166, 168, 173, 175, 179], "excluded_lines": []}, "calculate_topographic_stats_from_dem": {"executed_lines": [], "summary": {"covered_lines": 0, "num_statements": 13, "percent_covered": 0.0, "percent_covered_display": "0", "missing_lines": 13, "excluded_lines": 0}, "missing_lines": [183, 185, 187, 188, 190, 193, 196, 199, 200, 201, 203, 204, 205], "excluded_lines": []}, "": {"executed_lines": [], "summary": {"covered_lines": 0, "num_statements": 10, "percent_covered": 0.0, "percent_covered_display": "0", "missing_lines": 10, "excluded_lines": 0}, "missing_lines": [1, 2, 3, 4, 5, 9, 86, 102, 143, 182], "excluded_lines": []}}, "classes": {"": {"executed_lines": [], "summary": {"covered_lines": 0, "num_statements": 119, "percent_covered": 0.0, "percent_covered_display": "0", "missing_lines": 119, "excluded_lines": 0}, "missing_lines": [1, 2, 3, 4, 5, 9, 10, 11, 12, 13, 15, 16, 18, 20, 21, 23, 25, 26, 28, 30, 31, 33, 36, 37, 38, 39, 40, 41, 42, 44, 45, 46, 47, 49, 50, 52, 53, 54, 55, 57, 58, 59, 60, 61, 62, 64, 65, 66, 67, 68, 72, 74, 79, 81, 84, 86, 87, 88, 89, 91, 102, 106, 107, 108, 110, 112, 114, 116, 117, 118, 119, 121, 122, 124, 125, 126, 127, 128, 130, 131, 132, 134, 136, 138, 143, 144, 146, 147, 148, 150, 151, 153, 154, 155, 156, 158, 159, 160, 161, 162, 166, 168, 173, 175, 179, 182, 183, 185, 187, 188, 190, 193, 196, 199, 200, 201, 203, 204, 205], "excluded_lines": []}}}}, "totals": {"covered_lines": 4228, "num_statements": 21037, "percent_covered": 20.0979227076104, "percent_covered_display": "20", "missing_lines": 16809, "excluded_lines": 3}}